2020-09-15 13:27:44,556 [main] INFO  com.nttdata.challenge.Application - Starting Application on INCHNDL79DDKVT2 with PID 2372 (C:\Project\FullStack-Project\api\target\classes started by 205741 in C:\Project\FullStack-Project\api)
2020-09-15 13:27:44,559 [main] INFO  com.nttdata.challenge.Application - No active profile set, falling back to default profiles: default
2020-09-15 13:27:45,251 [main] INFO  o.s.d.r.c.RepositoryConfigurationDelegate - Bootstrapping Spring Data repositories in DEFAULT mode.
2020-09-15 13:27:45,318 [main] INFO  o.s.d.r.c.RepositoryConfigurationDelegate - Finished Spring Data repository scanning in 62ms. Found 1 repository interfaces.
2020-09-15 13:27:46,535 [main] INFO  o.s.b.w.e.tomcat.TomcatWebServer - Tomcat initialized with port(s): 8080 (http)
2020-09-15 13:27:46,550 [main] INFO  o.a.coyote.http11.Http11NioProtocol - Initializing ProtocolHandler ["http-nio-8080"]
2020-09-15 13:27:46,563 [main] INFO  o.a.catalina.core.StandardService - Starting service [Tomcat]
2020-09-15 13:27:46,564 [main] INFO  o.a.catalina.core.StandardEngine - Starting Servlet Engine: Apache Tomcat/9.0.13
2020-09-15 13:27:46,576 [main] INFO  o.a.c.core.AprLifecycleListener - The APR based Apache Tomcat Native library which allows optimal performance in production environments was not found on the java.library.path: [C:\Program Files\Zulu\zulu-8\bin;C:\windows\Sun\Java\bin;C:\windows\system32;C:\windows;C:/Program Files/Zulu/zulu-8/bin/../jre/bin/server;C:/Program Files/Zulu/zulu-8/bin/../jre/bin;C:/Program Files/Zulu/zulu-8/bin/../jre/lib/amd64;C:\Program Files (x86)\Python37-32\Scripts\;C:\Program Files (x86)\Python37-32\;C:\windows\system32;C:\windows;C:\windows\System32\Wbem;C:\windows\System32\WindowsPowerShell\v1.0\;C:\windows\System32\OpenSSH\;C:\Program Files (x86)\Webex\Plugins;C:\Program Files\Zulu\zulu-8\bin;C:\Program Files\nodejs\;C:\Program Files\Zulu\zulu-8\bin;C:\Program Files\dotnet\;C:\Program Files\Microsoft SQL Server\130\Tools\Binn\;C:\Program Files\Microsoft SQL Server\Client SDK\ODBC\170\Tools\Binn\;C:\graalvm-ee-java8-19.3.2\bin;C:\Program Files\Microsoft Windows Performance Toolkit\;C:\ProgramData\chocolatey\bin;C:\Program Files\apache-maven-3.6.3\bin;C:\Program Files\Git\cmd;C:\Program Files\OpenSSL-Win64\bin;C:\Users\205741\AppData\Local\Microsoft\WindowsApps;C:\Users\205741\AppData\Local\JetBrains\IntelliJ IDEA 2019.3.3\bin;;C:\Users\205741\AppData\Roaming\npm;C:\Program Files\OpenSSL-Win64\bin;C:\Users\205741\AppData\Local\GitHubDesktop\bin;C:\eclipse;;.]
2020-09-15 13:27:46,685 [main] INFO  o.a.c.c.C.[.[localhost].[/challenge] - Initializing Spring embedded WebApplicationContext
2020-09-15 13:27:46,685 [main] INFO  o.s.web.context.ContextLoader - Root WebApplicationContext: initialization completed in 2081 ms
2020-09-15 13:27:47,721 [main] INFO  org.mongodb.driver.cluster - Cluster created with settings {hosts=[localhost:27017], mode=MULTIPLE, requiredClusterType=UNKNOWN, serverSelectionTimeout='30000 ms', maxWaitQueueSize=500}
2020-09-15 13:27:47,721 [main] INFO  org.mongodb.driver.cluster - Adding discovered server localhost:27017 to client view of cluster
2020-09-15 13:27:47,827 [cluster-ClusterId{value='5f6073fb29af590944e21404', description='null'}-localhost:27017] INFO  org.mongodb.driver.connection - Opened connection [connectionId{localValue:1, serverValue:24}] to localhost:27017
2020-09-15 13:27:47,835 [cluster-ClusterId{value='5f6073fb29af590944e21404', description='null'}-localhost:27017] INFO  org.mongodb.driver.cluster - Monitor thread successfully connected to server with description ServerDescription{address=localhost:27017, type=STANDALONE, state=CONNECTED, ok=true, version=ServerVersion{versionList=[4, 0, 9]}, minWireVersion=0, maxWireVersion=7, maxDocumentSize=16777216, logicalSessionTimeoutMinutes=30, roundTripTimeNanos=4936300}
2020-09-15 13:27:47,836 [cluster-ClusterId{value='5f6073fb29af590944e21404', description='null'}-localhost:27017] INFO  org.mongodb.driver.cluster - Discovered cluster type of STANDALONE
2020-09-15 13:27:47,998 [main] INFO  org.mongodb.driver.connection - Opened connection [connectionId{localValue:2, serverValue:25}] to localhost:27017
2020-09-15 13:27:48,305 [main] INFO  o.s.s.c.ThreadPoolTaskExecutor - Initializing ExecutorService 'applicationTaskExecutor'
2020-09-15 13:27:48,523 [main] INFO  o.a.coyote.http11.Http11NioProtocol - Starting ProtocolHandler ["http-nio-8080"]
2020-09-15 13:27:48,540 [main] INFO  o.a.tomcat.util.net.NioSelectorPool - Using a shared selector for servlet write/read
2020-09-15 13:27:48,561 [main] INFO  o.s.b.w.e.tomcat.TomcatWebServer - Tomcat started on port(s): 8080 (http) with context path '/challenge'
2020-09-15 13:27:48,564 [main] INFO  com.nttdata.challenge.Application - Started Application in 4.409 seconds (JVM running for 5.252)
2020-09-15 13:29:53,833 [http-nio-8080-exec-1] INFO  o.a.c.c.C.[.[localhost].[/challenge] - Initializing Spring DispatcherServlet 'dispatcherServlet'
2020-09-15 13:29:53,833 [http-nio-8080-exec-1] INFO  o.s.web.servlet.DispatcherServlet - Initializing Servlet 'dispatcherServlet'
2020-09-15 13:29:53,842 [http-nio-8080-exec-1] INFO  o.s.web.servlet.DispatcherServlet - Completed initialization in 9 ms
2020-09-15 13:29:53,884 [http-nio-8080-exec-1] INFO  c.n.c.controller.UserController - Inside find all users...
2020-09-15 13:46:24,626 [http-nio-8080-exec-3] INFO  c.n.c.controller.UserController - Inside find all users...
2020-09-15 13:46:31,276 [http-nio-8080-exec-4] INFO  c.n.c.controller.UserController - Inside find all users...
2020-09-15 13:47:57,763 [http-nio-8080-exec-6] INFO  c.n.c.controller.UserController - Inside find all users...
2020-09-15 13:48:35,361 [http-nio-8080-exec-7] INFO  c.n.c.controller.UserController - Inside find all users...
2020-09-15 14:04:04,493 [http-nio-8080-exec-9] INFO  c.n.c.controller.UserController - Inside find all users...
2020-09-15 14:04:07,744 [http-nio-8080-exec-10] INFO  c.n.c.controller.UserController - Inside findByUserId...100
2020-09-15 14:04:13,849 [http-nio-8080-exec-2] INFO  c.n.c.controller.UserController - Inside findByUserId...100
2020-09-15 14:10:32,795 [http-nio-8080-exec-4] INFO  c.n.c.controller.UserController - Inside find all users...
2020-09-15 14:10:53,037 [http-nio-8080-exec-5] INFO  c.n.c.controller.UserController - Inside find all users...
2020-09-15 14:12:11,986 [http-nio-8080-exec-7] INFO  c.n.c.controller.UserController - Inside find all users...
2020-09-15 14:12:28,418 [http-nio-8080-exec-8] INFO  c.n.c.controller.UserController - Inside find all users...
2020-09-15 14:12:36,887 [http-nio-8080-exec-9] INFO  c.n.c.controller.UserController - Inside find all users...
2020-09-15 14:14:10,271 [http-nio-8080-exec-1] INFO  c.n.c.controller.UserController - Inside find all users...
2020-09-15 14:14:13,511 [http-nio-8080-exec-2] INFO  c.n.c.controller.UserController - Inside find all users...
2020-09-15 14:16:27,024 [http-nio-8080-exec-4] INFO  c.n.c.controller.UserController - Inside find all users...
2020-09-15 14:16:30,490 [http-nio-8080-exec-5] INFO  c.n.c.controller.UserController - Inside find all users...
2020-09-15 14:16:47,589 [http-nio-8080-exec-6] INFO  c.n.c.controller.UserController - Inside find all users...
2020-09-15 14:35:12,765 [http-nio-8080-exec-8] INFO  c.n.c.controller.UserController - Inside find all users...
2020-09-15 14:35:21,871 [http-nio-8080-exec-10] INFO  c.n.c.controller.UserController - Inside find all users...
2020-09-15 14:45:29,185 [http-nio-8080-exec-2] INFO  c.n.c.controller.UserController - Inside findByUserId...100
2020-09-15 15:07:03,917 [http-nio-8080-exec-4] INFO  c.n.c.controller.UserController - Inside find all users...
2020-09-15 15:07:11,076 [http-nio-8080-exec-6] INFO  c.n.c.controller.UserController - Inside find all users...
2020-09-15 15:07:20,136 [http-nio-8080-exec-8] INFO  c.n.c.controller.UserController - Inside find all users...
2020-09-15 15:07:38,453 [http-nio-8080-exec-10] INFO  c.n.c.controller.UserController - Inside find all users...
2020-09-15 15:09:47,168 [http-nio-8080-exec-2] INFO  c.n.c.controller.UserController - Inside find all users...
2020-09-15 15:10:30,909 [http-nio-8080-exec-3] INFO  c.n.c.controller.UserController - Inside find all users...
2020-09-15 15:11:07,772 [http-nio-8080-exec-4] INFO  c.n.c.controller.UserController - Inside find all users...
2020-09-15 15:11:11,182 [http-nio-8080-exec-5] INFO  c.n.c.controller.UserController - Inside find all users...
2020-09-15 15:11:20,353 [http-nio-8080-exec-6] INFO  c.n.c.controller.UserController - Inside find all users...
2020-09-15 15:11:42,145 [http-nio-8080-exec-7] INFO  c.n.c.controller.UserController - Inside find all users...
2020-09-15 15:11:45,057 [http-nio-8080-exec-8] INFO  c.n.c.controller.UserController - Inside find all users...
2020-09-15 15:11:48,477 [http-nio-8080-exec-9] INFO  c.n.c.controller.UserController - Inside find all users...
2020-09-15 15:11:57,044 [http-nio-8080-exec-10] INFO  c.n.c.controller.UserController - Inside find all users...
2020-09-15 15:12:38,152 [http-nio-8080-exec-1] INFO  c.n.c.controller.UserController - Inside find all users...
2020-09-15 15:12:49,539 [http-nio-8080-exec-2] INFO  c.n.c.controller.UserController - Inside find all users...
2020-09-15 15:15:08,412 [http-nio-8080-exec-4] INFO  c.n.c.controller.UserController - Inside find all users...
2020-09-15 15:15:11,875 [http-nio-8080-exec-5] INFO  c.n.c.controller.UserController - Inside find all users...
2020-09-15 15:15:13,958 [http-nio-8080-exec-6] INFO  c.n.c.controller.UserController - Inside find all users...
2020-09-15 15:52:23,067 [http-nio-8080-exec-8] INFO  c.n.c.controller.UserController - Inside find all users...
2020-09-15 16:03:47,804 [http-nio-8080-exec-10] INFO  c.n.c.controller.UserController - Inside findByUserId...100
2020-09-15 16:17:20,653 [http-nio-8080-exec-2] INFO  c.n.c.controller.UserController - Inside find all users...
2020-09-15 16:17:23,490 [http-nio-8080-exec-4] INFO  c.n.c.controller.UserController - Inside find all users...
2020-09-15 16:17:28,089 [http-nio-8080-exec-5] INFO  c.n.c.controller.UserController - Inside findByUserId...100
2020-09-15 16:18:24,424 [http-nio-8080-exec-7] INFO  c.n.c.controller.UserController - Inside find all users...
2020-09-15 16:18:25,911 [http-nio-8080-exec-8] INFO  c.n.c.controller.UserController - Inside findByUserId...100
2020-09-15 16:18:41,852 [http-nio-8080-exec-10] INFO  c.n.c.controller.UserController - Inside find all users...
2020-09-15 16:18:43,491 [http-nio-8080-exec-1] INFO  c.n.c.controller.UserController - Inside find all users...
2020-09-15 16:18:45,342 [http-nio-8080-exec-2] INFO  c.n.c.controller.UserController - Inside findByUserId...100
2020-09-15 16:19:07,003 [http-nio-8080-exec-4] INFO  c.n.c.controller.UserController - Inside find all users...
2020-09-15 16:19:08,300 [http-nio-8080-exec-5] INFO  c.n.c.controller.UserController - Inside findByUserId...100
2020-09-15 16:19:28,450 [http-nio-8080-exec-7] INFO  c.n.c.controller.UserController - Inside find all users...
2020-09-15 16:19:30,838 [http-nio-8080-exec-8] INFO  c.n.c.controller.UserController - Inside findByUserId...100
2020-09-15 16:19:41,139 [http-nio-8080-exec-9] INFO  c.n.c.controller.UserController - Inside find all users...
2020-09-15 16:19:44,761 [http-nio-8080-exec-10] INFO  c.n.c.controller.UserController - Inside find all users...
2020-09-15 16:19:46,119 [http-nio-8080-exec-1] INFO  c.n.c.controller.UserController - Inside findByUserId...100
2020-09-15 16:22:39,495 [http-nio-8080-exec-3] INFO  c.n.c.controller.UserController - Inside find all users...
2020-09-15 16:22:52,327 [http-nio-8080-exec-5] INFO  c.n.c.controller.UserController - Inside find all users...
2020-09-15 16:22:58,123 [http-nio-8080-exec-6] INFO  c.n.c.controller.UserController - Inside find all users...
2020-09-15 16:23:00,749 [http-nio-8080-exec-7] INFO  c.n.c.controller.UserController - Inside find all users...
2020-09-15 16:23:10,156 [http-nio-8080-exec-9] INFO  c.n.c.controller.UserController - Inside find all users...
2020-09-15 16:23:10,820 [http-nio-8080-exec-10] INFO  c.n.c.controller.UserController - Inside findByUserId...100
2020-09-15 16:23:23,970 [http-nio-8080-exec-2] INFO  c.n.c.controller.UserController - Inside find all users...
2020-09-15 16:23:27,624 [http-nio-8080-exec-3] INFO  c.n.c.controller.UserController - Inside find all users...
2020-09-15 16:23:28,323 [http-nio-8080-exec-4] INFO  c.n.c.controller.UserController - Inside findByUserId...100
2020-09-15 16:24:47,188 [http-nio-8080-exec-6] INFO  c.n.c.controller.UserController - Inside find all users...
2020-09-15 16:24:51,325 [http-nio-8080-exec-7] INFO  c.n.c.controller.UserController - Inside find all users...
2020-09-15 16:24:56,260 [http-nio-8080-exec-8] INFO  c.n.c.controller.UserController - Inside find all users...
2020-09-15 16:24:59,781 [http-nio-8080-exec-9] INFO  c.n.c.controller.UserController - Inside find all users...
2020-09-15 16:25:06,550 [http-nio-8080-exec-10] INFO  c.n.c.controller.UserController - Inside find all users...
2020-09-15 16:25:19,179 [http-nio-8080-exec-1] INFO  c.n.c.controller.UserController - Inside findByUserId...100
2020-09-15 16:30:51,482 [http-nio-8080-exec-3] INFO  c.n.c.controller.UserController - Inside find all users...
2020-09-15 16:30:56,293 [http-nio-8080-exec-4] INFO  c.n.c.controller.UserController - Inside findByUserId...100
2020-09-15 16:33:51,893 [http-nio-8080-exec-6] INFO  c.n.c.controller.UserController - Inside find all users...
2020-09-15 16:34:29,137 [http-nio-8080-exec-7] INFO  c.n.c.controller.UserController - Inside find all users...
2020-09-15 16:34:31,477 [http-nio-8080-exec-8] INFO  c.n.c.controller.UserController - Inside findByUserId...100
2020-09-15 16:35:56,629 [http-nio-8080-exec-10] INFO  c.n.c.controller.UserController - Inside find all users...
2020-09-15 16:35:58,122 [http-nio-8080-exec-1] INFO  c.n.c.controller.UserController - Inside findByUserId...100
2020-09-15 16:36:04,299 [http-nio-8080-exec-2] INFO  c.n.c.controller.UserController - Inside find all users...
2020-09-15 16:36:05,795 [http-nio-8080-exec-3] INFO  c.n.c.controller.UserController - Inside findByUserId...100
2020-09-15 16:36:17,000 [http-nio-8080-exec-4] INFO  c.n.c.controller.UserController - Inside find all users...
2020-09-15 16:36:19,852 [http-nio-8080-exec-5] INFO  c.n.c.controller.UserController - Inside findByUserId...100
2020-09-15 16:36:25,577 [http-nio-8080-exec-6] INFO  c.n.c.controller.UserController - Inside find all users...
2020-09-15 16:36:26,486 [http-nio-8080-exec-7] INFO  c.n.c.controller.UserController - Inside findByUserId...100
2020-09-15 16:36:52,535 [http-nio-8080-exec-8] INFO  c.n.c.controller.UserController - Inside find all users...
2020-09-15 16:37:03,608 [http-nio-8080-exec-9] INFO  c.n.c.controller.UserController - Inside findByUserId...100
2020-09-15 16:46:44,755 [http-nio-8080-exec-1] INFO  c.n.c.controller.UserController - Inside find all users...
2020-09-15 16:46:46,408 [http-nio-8080-exec-2] INFO  c.n.c.controller.UserController - Inside find all users...
2020-09-15 16:47:03,072 [http-nio-8080-exec-3] INFO  c.n.c.controller.UserController - Inside find all users...
2020-09-15 16:47:08,984 [http-nio-8080-exec-4] INFO  c.n.c.controller.UserController - Inside find all users...
2020-09-15 16:54:31,718 [http-nio-8080-exec-6] INFO  c.n.c.controller.UserController - Inside find all users...
2020-09-15 16:54:33,565 [http-nio-8080-exec-7] INFO  c.n.c.controller.UserController - Inside find all users...
2020-09-15 16:54:37,617 [http-nio-8080-exec-8] INFO  c.n.c.controller.UserController - Inside find all users...
2020-09-15 16:54:43,574 [http-nio-8080-exec-10] INFO  c.n.c.controller.UserController - Inside find all users...
2020-09-15 16:54:47,253 [http-nio-8080-exec-1] INFO  c.n.c.controller.UserController - Inside find all users...
2020-09-15 16:54:50,333 [http-nio-8080-exec-2] INFO  c.n.c.controller.UserController - Inside find all users...
2020-09-15 16:54:52,558 [http-nio-8080-exec-4] INFO  c.n.c.controller.UserController - Inside find all users...
2020-09-15 16:54:55,255 [http-nio-8080-exec-5] INFO  c.n.c.controller.UserController - Inside find all users...
2020-09-15 16:54:58,822 [http-nio-8080-exec-6] INFO  c.n.c.controller.UserController - Inside findByUserId...100
2020-09-15 16:56:47,649 [http-nio-8080-exec-8] INFO  c.n.c.controller.UserController - Inside find all users...
2020-09-15 16:56:51,737 [http-nio-8080-exec-10] INFO  c.n.c.controller.UserController - Inside find all users...
2020-09-15 16:56:53,616 [http-nio-8080-exec-1] INFO  c.n.c.controller.UserController - Inside find all users...
2020-09-15 16:56:56,620 [http-nio-8080-exec-2] INFO  c.n.c.controller.UserController - Inside find all users...
2020-09-15 16:57:04,208 [http-nio-8080-exec-4] INFO  c.n.c.controller.UserController - Inside find all users...
2020-09-15 16:57:07,103 [http-nio-8080-exec-5] INFO  c.n.c.controller.UserController - Inside find all users...
2020-09-15 16:57:09,038 [http-nio-8080-exec-6] INFO  c.n.c.controller.UserController - Inside findByUserId...100
2020-09-15 16:57:20,962 [http-nio-8080-exec-8] INFO  c.n.c.controller.UserController - Inside find all users...
2020-09-15 16:57:25,501 [http-nio-8080-exec-10] INFO  c.n.c.controller.UserController - Inside find all users...
2020-09-15 16:57:47,813 [http-nio-8080-exec-2] INFO  c.n.c.controller.UserController - Inside find all users...
2020-09-15 16:57:51,348 [http-nio-8080-exec-3] INFO  c.n.c.controller.UserController - Inside find all users...
2020-09-15 16:57:55,562 [http-nio-8080-exec-5] INFO  c.n.c.controller.UserController - Inside find all users...
2020-09-15 16:57:59,418 [http-nio-8080-exec-6] INFO  c.n.c.controller.UserController - Inside findByUserId...100
2020-09-15 16:58:26,842 [http-nio-8080-exec-8] INFO  c.n.c.controller.UserController - Inside find all users...
2020-09-15 16:59:31,467 [http-nio-8080-exec-10] INFO  c.n.c.controller.UserController - Inside find all users...
2020-09-15 16:59:35,114 [http-nio-8080-exec-1] INFO  c.n.c.controller.UserController - Inside find all users...
2020-09-15 16:59:43,219 [http-nio-8080-exec-2] INFO  c.n.c.controller.UserController - Inside findByUserId...100
2020-09-15 17:00:15,762 [http-nio-8080-exec-3] INFO  c.n.c.controller.UserController - Inside find all users...
2020-09-15 17:00:21,447 [http-nio-8080-exec-4] INFO  c.n.c.controller.UserController - Inside findByUserId...100
2020-09-15 17:34:06,765 [http-nio-8080-exec-6] INFO  c.n.c.controller.UserController - Inside find all users...
2020-09-15 17:34:15,082 [http-nio-8080-exec-8] INFO  c.n.c.controller.UserController - Inside findByUserId...100
2020-09-15 17:34:20,073 [http-nio-8080-exec-9] INFO  c.n.c.controller.UserController - Inside find all users...
2020-09-15 18:13:41,082 [http-nio-8080-exec-1] INFO  c.n.c.controller.UserController - Inside findByUserId...100
2020-09-15 19:13:54,768 [http-nio-8080-exec-3] INFO  c.n.c.controller.UserController - Inside find all users...
2020-09-15 19:14:05,423 [http-nio-8080-exec-4] INFO  c.n.c.controller.UserController - Inside find all users...
2020-09-15 19:14:08,633 [http-nio-8080-exec-6] INFO  c.n.c.controller.UserController - Inside findByUserId...100
2020-09-15 19:14:15,060 [http-nio-8080-exec-7] INFO  c.n.c.controller.UserController - Inside find all users...
2020-09-15 19:16:49,020 [http-nio-8080-exec-9] INFO  c.n.c.controller.UserController - Inside find all users...
2020-09-15 19:16:52,338 [http-nio-8080-exec-10] INFO  c.n.c.controller.UserController - Inside find all users...
2020-09-15 19:18:31,222 [http-nio-8080-exec-2] INFO  c.n.c.controller.UserController - Inside find all users...
2020-09-15 19:18:45,226 [http-nio-8080-exec-4] INFO  c.n.c.controller.UserController - Inside find all users...
2020-09-15 19:19:10,196 [http-nio-8080-exec-6] INFO  c.n.c.controller.UserController - Inside find all users...
2020-09-15 19:19:19,215 [http-nio-8080-exec-8] INFO  c.n.c.controller.UserController - Inside find all users...
2020-09-15 19:20:11,850 [http-nio-8080-exec-10] INFO  c.n.c.controller.UserController - Inside find all users...
2020-09-15 19:20:18,440 [http-nio-8080-exec-1] INFO  c.n.c.controller.UserController - Inside find all users...
2020-09-15 19:20:31,079 [http-nio-8080-exec-2] INFO  c.n.c.controller.UserController - Inside find all users...
2020-09-15 19:20:48,068 [http-nio-8080-exec-3] INFO  c.n.c.controller.UserController - Inside find all users...
2020-09-15 19:20:54,493 [http-nio-8080-exec-4] INFO  c.n.c.controller.UserController - Inside find all users...
2020-09-15 19:21:01,474 [http-nio-8080-exec-5] INFO  c.n.c.controller.UserController - Inside find all users...
2020-09-15 19:24:45,644 [http-nio-8080-exec-7] INFO  c.n.c.controller.UserController - Inside find all users...
2020-09-15 19:24:58,282 [http-nio-8080-exec-8] INFO  c.n.c.controller.UserController - Inside find all users...
2020-09-15 19:25:09,345 [http-nio-8080-exec-9] INFO  c.n.c.controller.UserController - Inside find all users...
2020-09-15 19:25:13,241 [http-nio-8080-exec-10] INFO  c.n.c.controller.UserController - Inside find all users...
2020-09-15 19:25:28,345 [http-nio-8080-exec-1] INFO  c.n.c.controller.UserController - Inside find all users...
2020-09-15 19:37:03,484 [http-nio-8080-exec-3] INFO  c.n.c.controller.UserController - Inside find all users...
2020-09-15 19:37:05,704 [http-nio-8080-exec-4] INFO  c.n.c.controller.UserController - Inside findByUserId...100
2020-09-15 19:37:10,635 [http-nio-8080-exec-6] INFO  c.n.c.controller.UserController - Inside find all users...
2020-09-15 19:44:45,421 [main] INFO  com.nttdata.challenge.Application - Starting Application on INCHNDL79DDKVT2 with PID 29396 (C:\Project\FullStack-Project\api\target\classes started by 205741 in C:\Project\FullStack-Project\api)
2020-09-15 19:44:45,425 [main] INFO  com.nttdata.challenge.Application - No active profile set, falling back to default profiles: default
2020-09-15 19:44:46,134 [main] INFO  o.s.d.r.c.RepositoryConfigurationDelegate - Bootstrapping Spring Data repositories in DEFAULT mode.
2020-09-15 19:44:46,214 [main] INFO  o.s.d.r.c.RepositoryConfigurationDelegate - Finished Spring Data repository scanning in 73ms. Found 1 repository interfaces.
2020-09-15 19:44:47,507 [main] INFO  o.s.b.w.e.tomcat.TomcatWebServer - Tomcat initialized with port(s): 8080 (http)
2020-09-15 19:44:47,525 [main] INFO  o.a.coyote.http11.Http11NioProtocol - Initializing ProtocolHandler ["http-nio-8080"]
2020-09-15 19:44:47,539 [main] INFO  o.a.catalina.core.StandardService - Starting service [Tomcat]
2020-09-15 19:44:47,539 [main] INFO  o.a.catalina.core.StandardEngine - Starting Servlet Engine: Apache Tomcat/9.0.13
2020-09-15 19:44:47,550 [main] INFO  o.a.c.core.AprLifecycleListener - The APR based Apache Tomcat Native library which allows optimal performance in production environments was not found on the java.library.path: [C:\Program Files\Zulu\zulu-8\bin;C:\windows\Sun\Java\bin;C:\windows\system32;C:\windows;C:/Program Files/Zulu/zulu-8/bin/../jre/bin/server;C:/Program Files/Zulu/zulu-8/bin/../jre/bin;C:/Program Files/Zulu/zulu-8/bin/../jre/lib/amd64;C:\Program Files (x86)\Python37-32\Scripts\;C:\Program Files (x86)\Python37-32\;C:\windows\system32;C:\windows;C:\windows\System32\Wbem;C:\windows\System32\WindowsPowerShell\v1.0\;C:\windows\System32\OpenSSH\;C:\Program Files (x86)\Webex\Plugins;C:\Program Files\Zulu\zulu-8\bin;C:\Program Files\nodejs\;C:\Program Files\Zulu\zulu-8\bin;C:\Program Files\dotnet\;C:\Program Files\Microsoft SQL Server\130\Tools\Binn\;C:\Program Files\Microsoft SQL Server\Client SDK\ODBC\170\Tools\Binn\;C:\graalvm-ee-java8-19.3.2\bin;C:\Program Files\Microsoft Windows Performance Toolkit\;C:\ProgramData\chocolatey\bin;C:\Program Files\apache-maven-3.6.3\bin;C:\Program Files\Git\cmd;C:\Program Files\OpenSSL-Win64\bin;C:\Users\205741\AppData\Local\Microsoft\WindowsApps;C:\Users\205741\AppData\Local\JetBrains\IntelliJ IDEA 2019.3.3\bin;;C:\Users\205741\AppData\Roaming\npm;C:\Program Files\OpenSSL-Win64\bin;C:\Users\205741\AppData\Local\GitHubDesktop\bin;C:\eclipse;;.]
2020-09-15 19:44:47,672 [main] INFO  o.a.c.c.C.[.[localhost].[/challenge] - Initializing Spring embedded WebApplicationContext
2020-09-15 19:44:47,672 [main] INFO  o.s.web.context.ContextLoader - Root WebApplicationContext: initialization completed in 2195 ms
2020-09-15 19:44:48,732 [main] INFO  org.mongodb.driver.cluster - Cluster created with settings {hosts=[localhost:27017], mode=MULTIPLE, requiredClusterType=UNKNOWN, serverSelectionTimeout='30000 ms', maxWaitQueueSize=500}
2020-09-15 19:44:48,732 [main] INFO  org.mongodb.driver.cluster - Adding discovered server localhost:27017 to client view of cluster
2020-09-15 19:44:48,823 [cluster-ClusterId{value='5f60cc5829af5972d4e8a857', description='null'}-localhost:27017] INFO  org.mongodb.driver.connection - Opened connection [connectionId{localValue:1, serverValue:26}] to localhost:27017
2020-09-15 19:44:48,828 [cluster-ClusterId{value='5f60cc5829af5972d4e8a857', description='null'}-localhost:27017] INFO  org.mongodb.driver.cluster - Monitor thread successfully connected to server with description ServerDescription{address=localhost:27017, type=STANDALONE, state=CONNECTED, ok=true, version=ServerVersion{versionList=[4, 0, 9]}, minWireVersion=0, maxWireVersion=7, maxDocumentSize=16777216, logicalSessionTimeoutMinutes=30, roundTripTimeNanos=3138100}
2020-09-15 19:44:48,829 [cluster-ClusterId{value='5f60cc5829af5972d4e8a857', description='null'}-localhost:27017] INFO  org.mongodb.driver.cluster - Discovered cluster type of STANDALONE
2020-09-15 19:44:49,034 [main] INFO  org.mongodb.driver.connection - Opened connection [connectionId{localValue:2, serverValue:27}] to localhost:27017
2020-09-15 19:44:49,468 [main] INFO  o.s.s.c.ThreadPoolTaskExecutor - Initializing ExecutorService 'applicationTaskExecutor'
2020-09-15 19:44:49,761 [main] INFO  o.a.coyote.http11.Http11NioProtocol - Starting ProtocolHandler ["http-nio-8080"]
2020-09-15 19:44:49,780 [main] INFO  o.a.tomcat.util.net.NioSelectorPool - Using a shared selector for servlet write/read
2020-09-15 19:44:49,808 [main] INFO  o.s.b.w.e.tomcat.TomcatWebServer - Tomcat started on port(s): 8080 (http) with context path '/challenge'
2020-09-15 19:44:49,811 [main] INFO  com.nttdata.challenge.Application - Started Application in 4.815 seconds (JVM running for 5.649)
2020-09-15 19:44:54,575 [http-nio-8080-exec-1] INFO  o.a.c.c.C.[.[localhost].[/challenge] - Initializing Spring DispatcherServlet 'dispatcherServlet'
2020-09-15 19:44:54,576 [http-nio-8080-exec-1] INFO  o.s.web.servlet.DispatcherServlet - Initializing Servlet 'dispatcherServlet'
2020-09-15 19:44:54,583 [http-nio-8080-exec-1] INFO  o.s.web.servlet.DispatcherServlet - Completed initialization in 6 ms
2020-09-15 19:44:54,646 [http-nio-8080-exec-1] INFO  c.n.c.controller.UserController - Inside findByUserId...100
2020-09-15 19:45:00,676 [http-nio-8080-exec-3] INFO  c.n.c.controller.UserController - Inside find all users...
2020-09-15 19:45:05,379 [http-nio-8080-exec-4] INFO  c.n.c.controller.UserController - Inside findByUserId...100
2020-09-15 19:45:10,152 [http-nio-8080-exec-6] INFO  c.n.c.controller.UserController - Inside find all users...
2020-09-15 19:46:10,997 [main] INFO  com.nttdata.challenge.Application - Starting Application on INCHNDL79DDKVT2 with PID 34004 (C:\Project\FullStack-Project\api\target\classes started by 205741 in C:\Project\FullStack-Project\api)
2020-09-15 19:46:11,000 [main] INFO  com.nttdata.challenge.Application - No active profile set, falling back to default profiles: default
2020-09-15 19:46:11,612 [main] INFO  o.s.d.r.c.RepositoryConfigurationDelegate - Bootstrapping Spring Data repositories in DEFAULT mode.
2020-09-15 19:46:11,675 [main] INFO  o.s.d.r.c.RepositoryConfigurationDelegate - Finished Spring Data repository scanning in 59ms. Found 1 repository interfaces.
2020-09-15 19:46:12,742 [main] INFO  o.s.b.w.e.tomcat.TomcatWebServer - Tomcat initialized with port(s): 8080 (http)
2020-09-15 19:46:12,755 [main] INFO  o.a.coyote.http11.Http11NioProtocol - Initializing ProtocolHandler ["http-nio-8080"]
2020-09-15 19:46:12,770 [main] INFO  o.a.catalina.core.StandardService - Starting service [Tomcat]
2020-09-15 19:46:12,770 [main] INFO  o.a.catalina.core.StandardEngine - Starting Servlet Engine: Apache Tomcat/9.0.13
2020-09-15 19:46:12,784 [main] INFO  o.a.c.core.AprLifecycleListener - The APR based Apache Tomcat Native library which allows optimal performance in production environments was not found on the java.library.path: [C:\Program Files\Zulu\zulu-8\bin;C:\windows\Sun\Java\bin;C:\windows\system32;C:\windows;C:/Program Files/Zulu/zulu-8/bin/../jre/bin/server;C:/Program Files/Zulu/zulu-8/bin/../jre/bin;C:/Program Files/Zulu/zulu-8/bin/../jre/lib/amd64;C:\Program Files (x86)\Python37-32\Scripts\;C:\Program Files (x86)\Python37-32\;C:\windows\system32;C:\windows;C:\windows\System32\Wbem;C:\windows\System32\WindowsPowerShell\v1.0\;C:\windows\System32\OpenSSH\;C:\Program Files (x86)\Webex\Plugins;C:\Program Files\Zulu\zulu-8\bin;C:\Program Files\nodejs\;C:\Program Files\Zulu\zulu-8\bin;C:\Program Files\dotnet\;C:\Program Files\Microsoft SQL Server\130\Tools\Binn\;C:\Program Files\Microsoft SQL Server\Client SDK\ODBC\170\Tools\Binn\;C:\graalvm-ee-java8-19.3.2\bin;C:\Program Files\Microsoft Windows Performance Toolkit\;C:\ProgramData\chocolatey\bin;C:\Program Files\apache-maven-3.6.3\bin;C:\Program Files\Git\cmd;C:\Program Files\OpenSSL-Win64\bin;C:\Users\205741\AppData\Local\Microsoft\WindowsApps;C:\Users\205741\AppData\Local\JetBrains\IntelliJ IDEA 2019.3.3\bin;;C:\Users\205741\AppData\Roaming\npm;C:\Program Files\OpenSSL-Win64\bin;C:\Users\205741\AppData\Local\GitHubDesktop\bin;C:\eclipse;;.]
2020-09-15 19:46:12,897 [main] INFO  o.a.c.c.C.[.[localhost].[/challenge] - Initializing Spring embedded WebApplicationContext
2020-09-15 19:46:12,898 [main] INFO  o.s.web.context.ContextLoader - Root WebApplicationContext: initialization completed in 1853 ms
2020-09-15 19:46:13,867 [main] INFO  org.mongodb.driver.cluster - Cluster created with settings {hosts=[localhost:27017], mode=MULTIPLE, requiredClusterType=UNKNOWN, serverSelectionTimeout='30000 ms', maxWaitQueueSize=500}
2020-09-15 19:46:13,867 [main] INFO  org.mongodb.driver.cluster - Adding discovered server localhost:27017 to client view of cluster
2020-09-15 19:46:13,923 [cluster-ClusterId{value='5f60ccad29af5984d469f443', description='null'}-localhost:27017] INFO  org.mongodb.driver.connection - Opened connection [connectionId{localValue:1, serverValue:28}] to localhost:27017
2020-09-15 19:46:13,927 [cluster-ClusterId{value='5f60ccad29af5984d469f443', description='null'}-localhost:27017] INFO  org.mongodb.driver.cluster - Monitor thread successfully connected to server with description ServerDescription{address=localhost:27017, type=STANDALONE, state=CONNECTED, ok=true, version=ServerVersion{versionList=[4, 0, 9]}, minWireVersion=0, maxWireVersion=7, maxDocumentSize=16777216, logicalSessionTimeoutMinutes=30, roundTripTimeNanos=2521000}
2020-09-15 19:46:13,928 [cluster-ClusterId{value='5f60ccad29af5984d469f443', description='null'}-localhost:27017] INFO  org.mongodb.driver.cluster - Discovered cluster type of STANDALONE
2020-09-15 19:46:14,077 [main] INFO  org.mongodb.driver.connection - Opened connection [connectionId{localValue:2, serverValue:29}] to localhost:27017
2020-09-15 19:46:14,346 [main] INFO  o.s.s.c.ThreadPoolTaskExecutor - Initializing ExecutorService 'applicationTaskExecutor'
2020-09-15 19:46:14,538 [main] INFO  o.a.coyote.http11.Http11NioProtocol - Starting ProtocolHandler ["http-nio-8080"]
2020-09-15 19:46:14,547 [main] INFO  o.a.tomcat.util.net.NioSelectorPool - Using a shared selector for servlet write/read
2020-09-15 19:46:14,564 [main] INFO  o.s.b.w.e.tomcat.TomcatWebServer - Tomcat started on port(s): 8080 (http) with context path '/challenge'
2020-09-15 19:46:14,567 [main] INFO  com.nttdata.challenge.Application - Started Application in 3.86 seconds (JVM running for 4.402)
2020-09-15 19:46:21,846 [http-nio-8080-exec-1] INFO  o.a.c.c.C.[.[localhost].[/challenge] - Initializing Spring DispatcherServlet 'dispatcherServlet'
2020-09-15 19:46:21,847 [http-nio-8080-exec-1] INFO  o.s.web.servlet.DispatcherServlet - Initializing Servlet 'dispatcherServlet'
2020-09-15 19:46:21,869 [http-nio-8080-exec-1] INFO  o.s.web.servlet.DispatcherServlet - Completed initialization in 22 ms
2020-09-15 19:46:21,989 [http-nio-8080-exec-1] INFO  c.n.c.controller.UserController - Inside find all users...
2020-09-15 19:46:24,367 [http-nio-8080-exec-3] INFO  c.n.c.controller.UserController - Inside findByUserId...100
2020-09-15 19:46:35,422 [http-nio-8080-exec-5] INFO  c.n.c.controller.UserController - Inside find all users...
2020-09-15 19:47:02,411 [http-nio-8080-exec-7] INFO  c.n.c.controller.UserController - Inside find all users...
2020-09-15 19:47:08,807 [http-nio-8080-exec-9] INFO  c.n.c.controller.UserController - Inside find all users...
2020-09-15 19:47:14,668 [http-nio-8080-exec-1] INFO  c.n.c.controller.UserController - Inside find all users...
2020-09-15 19:47:17,734 [http-nio-8080-exec-2] INFO  c.n.c.controller.UserController - Inside find all users...
2020-09-15 19:47:19,078 [http-nio-8080-exec-3] INFO  c.n.c.controller.UserController - Inside findByUserId...100
2020-09-15 19:47:22,937 [http-nio-8080-exec-4] INFO  c.n.c.controller.UserController - Inside find all users...
2020-09-15 19:47:47,247 [http-nio-8080-exec-6] INFO  c.n.c.controller.UserController - Inside findByUserId...100
2020-09-15 19:50:28,930 [http-nio-8080-exec-8] INFO  c.n.c.controller.UserController - Inside find all users...
2020-09-15 19:50:34,663 [http-nio-8080-exec-10] INFO  c.n.c.controller.UserController - Inside find all users...
2020-09-15 19:50:43,340 [http-nio-8080-exec-2] INFO  c.n.c.controller.UserController - Inside find all users...
2020-09-15 19:50:45,770 [http-nio-8080-exec-3] INFO  c.n.c.controller.UserController - Inside find all users...
2020-09-15 19:51:01,145 [http-nio-8080-exec-5] INFO  c.n.c.controller.UserController - Inside find all users...
2020-09-15 19:51:05,994 [http-nio-8080-exec-7] INFO  c.n.c.controller.UserController - Inside find all users...
2020-09-15 19:51:06,720 [http-nio-8080-exec-8] INFO  c.n.c.controller.UserController - Inside findByUserId...100
2020-09-15 19:54:26,414 [http-nio-8080-exec-10] INFO  c.n.c.controller.UserController - Inside find all users...
2020-09-15 19:54:38,195 [http-nio-8080-exec-2] INFO  c.n.c.controller.UserController - Inside find all users...
2020-09-15 19:54:43,676 [http-nio-8080-exec-4] INFO  c.n.c.controller.UserController - Inside findByUserId...100
2020-09-15 19:54:48,646 [http-nio-8080-exec-5] WARN  o.s.w.s.m.s.DefaultHandlerExceptionResolver - Resolved [org.springframework.http.converter.HttpMessageNotReadableException: Required request body is missing: public org.springframework.http.ResponseEntity com.nttdata.challenge.controller.UserController.modifyApplication(com.nttdata.challenge.model.User)]
2020-09-15 19:55:16,056 [http-nio-8080-exec-6] INFO  c.n.c.controller.UserController - Inside find all users...
2020-09-15 19:56:26,748 [http-nio-8080-exec-8] INFO  c.n.c.controller.UserController - Inside find all users...
2020-09-15 19:56:45,069 [http-nio-8080-exec-10] INFO  c.n.c.controller.UserController - Inside find all users...
2020-09-15 19:56:47,912 [http-nio-8080-exec-1] INFO  c.n.c.controller.UserController - Inside find all users...
2020-09-15 19:56:49,969 [http-nio-8080-exec-3] INFO  c.n.c.controller.UserController - Inside findByUserId...100
2020-09-15 19:56:54,909 [http-nio-8080-exec-4] WARN  o.s.w.s.m.s.DefaultHandlerExceptionResolver - Resolved [org.springframework.http.converter.HttpMessageNotReadableException: Required request body is missing: public org.springframework.http.ResponseEntity com.nttdata.challenge.controller.UserController.modifyApplication(com.nttdata.challenge.model.User)]
2020-09-15 19:57:30,416 [http-nio-8080-exec-5] INFO  c.n.c.controller.UserController - Inside find all users...
2020-09-15 19:57:33,292 [http-nio-8080-exec-7] INFO  c.n.c.controller.UserController - Inside findByUserId...100
2020-09-15 19:57:36,980 [http-nio-8080-exec-8] WARN  o.s.w.s.m.s.DefaultHandlerExceptionResolver - Resolved [org.springframework.http.converter.HttpMessageNotReadableException: Required request body is missing: public org.springframework.http.ResponseEntity com.nttdata.challenge.controller.UserController.modifyApplication(com.nttdata.challenge.model.User)]
2020-09-15 19:58:34,008 [http-nio-8080-exec-9] INFO  c.n.c.controller.UserController - Inside find all users...
2020-09-15 19:58:39,368 [http-nio-8080-exec-10] INFO  c.n.c.controller.UserController - Inside find all users...
2020-09-15 19:58:48,859 [http-nio-8080-exec-2] INFO  c.n.c.controller.UserController - Inside find all users...
2020-09-15 19:59:03,305 [http-nio-8080-exec-4] INFO  c.n.c.controller.UserController - Inside find all users...
2020-09-15 19:59:06,546 [http-nio-8080-exec-5] INFO  c.n.c.controller.UserController - Inside findByUserId...100
2020-09-15 19:59:12,142 [http-nio-8080-exec-6] WARN  o.s.w.s.m.s.DefaultHandlerExceptionResolver - Resolved [org.springframework.http.converter.HttpMessageNotReadableException: Required request body is missing: public org.springframework.http.ResponseEntity com.nttdata.challenge.controller.UserController.modifyApplication(com.nttdata.challenge.model.User)]
2020-09-15 19:59:37,858 [http-nio-8080-exec-7] INFO  c.n.c.controller.UserController - Inside find all users...
2020-09-15 19:59:45,365 [http-nio-8080-exec-9] INFO  c.n.c.controller.UserController - Inside find all users...
2020-09-15 19:59:49,898 [http-nio-8080-exec-10] INFO  c.n.c.controller.UserController - Inside find all users...
2020-09-15 20:03:31,670 [http-nio-8080-exec-2] INFO  c.n.c.controller.UserController - Inside find all users...
2020-09-15 20:03:50,803 [http-nio-8080-exec-4] INFO  c.n.c.controller.UserController - Inside find all users...
2020-09-15 20:03:59,559 [http-nio-8080-exec-6] INFO  c.n.c.controller.UserController - Inside find all users...
2020-09-15 20:15:28,348 [http-nio-8080-exec-8] INFO  c.n.c.controller.UserController - Inside find all users...
2020-09-15 20:38:12,658 [http-nio-8080-exec-10] INFO  c.n.c.controller.UserController - Inside find all users...
2020-09-15 20:40:10,620 [http-nio-8080-exec-2] INFO  c.n.c.controller.UserController - Inside find all users...
2020-09-15 20:40:24,296 [http-nio-8080-exec-3] INFO  c.n.c.controller.UserController - Inside find all users...
2020-09-15 20:40:30,288 [http-nio-8080-exec-4] INFO  c.n.c.controller.UserController - Inside find all users...
2020-09-15 20:40:35,398 [http-nio-8080-exec-5] INFO  c.n.c.controller.UserController - Inside find all users...
2020-09-15 20:40:37,254 [http-nio-8080-exec-6] INFO  c.n.c.controller.UserController - Inside find all users...
2020-09-15 20:40:41,240 [http-nio-8080-exec-7] INFO  c.n.c.controller.UserController - Inside find all users...
2020-09-15 20:40:52,551 [http-nio-8080-exec-8] INFO  c.n.c.controller.UserController - Inside find all users...
2020-09-15 20:40:59,417 [http-nio-8080-exec-9] INFO  c.n.c.controller.UserController - Inside find all users...
2020-09-15 20:46:09,411 [http-nio-8080-exec-1] INFO  c.n.c.controller.UserController - Inside findByUserId...100
2020-09-15 20:48:01,050 [http-nio-8080-exec-3] INFO  c.n.c.controller.UserController - Inside find all users...
2020-09-15 20:48:02,528 [http-nio-8080-exec-4] INFO  c.n.c.controller.UserController - Inside findByUserId...100
2020-09-15 20:51:33,889 [http-nio-8080-exec-6] INFO  c.n.c.controller.UserController - Inside find all users...
2020-09-15 20:51:35,756 [http-nio-8080-exec-7] INFO  c.n.c.controller.UserController - Inside findByUserId...100
2020-09-15 20:52:06,990 [http-nio-8080-exec-8] INFO  c.n.c.controller.UserController - Inside find all users...
2020-09-15 20:52:22,428 [http-nio-8080-exec-10] INFO  c.n.c.controller.UserController - Inside find all users...
2020-09-15 20:52:42,829 [http-nio-8080-exec-2] INFO  c.n.c.controller.UserController - Inside find all users...
2020-09-15 20:52:45,008 [http-nio-8080-exec-3] INFO  c.n.c.controller.UserController - Inside find all users...
2020-09-15 20:52:48,744 [http-nio-8080-exec-5] INFO  c.n.c.controller.UserController - Inside find all users...
2020-09-15 20:52:50,539 [http-nio-8080-exec-6] INFO  c.n.c.controller.UserController - Inside findByUserId...100
2020-09-15 20:57:59,621 [http-nio-8080-exec-8] INFO  c.n.c.controller.UserController - Inside find all users...
2020-09-15 20:58:31,345 [http-nio-8080-exec-9] INFO  c.n.c.controller.UserController - Inside find all users...
2020-09-15 20:58:34,363 [http-nio-8080-exec-10] INFO  c.n.c.controller.UserController - Inside find all users...
2020-09-15 20:58:52,527 [http-nio-8080-exec-1] INFO  c.n.c.controller.UserController - Inside find all users...
2020-09-15 20:59:16,586 [http-nio-8080-exec-2] INFO  c.n.c.controller.UserController - Inside findByUserId...100
2020-09-15 21:07:26,707 [http-nio-8080-exec-4] INFO  c.n.c.controller.UserController - Inside find all users...
2020-09-15 21:07:37,399 [http-nio-8080-exec-5] INFO  c.n.c.controller.UserController - Inside find all users...
2020-09-15 21:07:40,237 [http-nio-8080-exec-6] INFO  c.n.c.controller.UserController - Inside find all users...
2020-09-15 21:07:43,500 [http-nio-8080-exec-7] INFO  c.n.c.controller.UserController - Inside find all users...
2020-09-15 21:14:49,306 [http-nio-8080-exec-9] INFO  c.n.c.controller.UserController - Inside find all users...
2020-09-15 21:14:51,232 [http-nio-8080-exec-10] INFO  c.n.c.controller.UserController - Inside findByUserId...100
2020-09-15 21:16:46,506 [http-nio-8080-exec-2] INFO  c.n.c.controller.UserController - Inside find all users...
2020-09-15 21:18:32,383 [http-nio-8080-exec-4] INFO  c.n.c.controller.UserController - Inside find all users...
2020-09-15 22:04:23,666 [http-nio-8080-exec-6] INFO  c.n.c.controller.UserController - Inside find all users...
2020-09-15 22:12:32,401 [http-nio-8080-exec-8] INFO  c.n.c.controller.UserController - Inside find all users...
2020-09-15 22:13:21,846 [http-nio-8080-exec-9] INFO  c.n.c.controller.UserController - Inside find all users...
2020-09-15 22:13:34,449 [http-nio-8080-exec-10] INFO  c.n.c.controller.UserController - Inside findByUserId...100
2020-09-15 22:15:39,045 [http-nio-8080-exec-2] INFO  c.n.c.controller.UserController - Inside find all users...
2020-09-15 22:15:39,558 [http-nio-8080-exec-3] INFO  c.n.c.controller.UserController - Inside find all users...
2020-09-15 22:15:43,062 [http-nio-8080-exec-5] INFO  c.n.c.controller.UserController - Inside findByUserId...100
2020-09-15 22:22:24,207 [http-nio-8080-exec-7] INFO  c.n.c.controller.UserController - Inside find all users...
2020-09-15 22:22:25,882 [http-nio-8080-exec-8] INFO  c.n.c.controller.UserController - Inside findByUserId...100
2020-09-15 22:22:50,762 [http-nio-8080-exec-9] INFO  c.n.c.controller.UserController - Inside find all users...
2020-09-15 22:22:55,029 [http-nio-8080-exec-10] INFO  c.n.c.controller.UserController - Inside find all users...
2020-09-15 22:22:57,890 [http-nio-8080-exec-1] INFO  c.n.c.controller.UserController - Inside findByUserId...100
2020-09-15 22:24:49,575 [http-nio-8080-exec-3] INFO  c.n.c.controller.UserController - Inside find all users...
2020-09-15 22:24:53,334 [http-nio-8080-exec-5] INFO  c.n.c.controller.UserController - Inside find all users...
2020-09-15 22:24:56,359 [http-nio-8080-exec-6] INFO  c.n.c.controller.UserController - Inside find all users...
2020-09-15 22:24:59,396 [http-nio-8080-exec-7] INFO  c.n.c.controller.UserController - Inside find all users...
2020-09-15 22:25:03,332 [http-nio-8080-exec-9] INFO  c.n.c.controller.UserController - Inside find all users...
2020-09-15 22:25:09,340 [http-nio-8080-exec-10] INFO  c.n.c.controller.UserController - Inside find all users...
2020-09-15 22:25:17,431 [http-nio-8080-exec-2] INFO  c.n.c.controller.UserController - Inside find all users...
2020-09-15 22:26:01,359 [http-nio-8080-exec-3] INFO  c.n.c.controller.UserController - Inside find all users...
2020-09-15 22:26:38,420 [http-nio-8080-exec-4] INFO  c.n.c.controller.UserController - Inside find all users...
2020-09-15 22:26:44,861 [http-nio-8080-exec-6] INFO  c.n.c.controller.UserController - Inside find all users...
2020-09-15 22:26:58,645 [http-nio-8080-exec-8] INFO  c.n.c.controller.UserController - Inside find all users...
2020-09-15 22:27:01,333 [http-nio-8080-exec-9] INFO  c.n.c.controller.UserController - Inside find all users...
2020-09-15 22:27:46,630 [http-nio-8080-exec-1] INFO  c.n.c.controller.UserController - Inside find all users...
2020-09-15 22:28:01,658 [http-nio-8080-exec-3] INFO  c.n.c.controller.UserController - Inside find all users...
2020-09-15 22:29:12,143 [http-nio-8080-exec-5] INFO  c.n.c.controller.UserController - Inside findByUserId...100
2020-09-15 22:29:37,885 [http-nio-8080-exec-7] INFO  c.n.c.controller.UserController - Inside find all users...
2020-09-15 22:29:40,543 [http-nio-8080-exec-8] INFO  c.n.c.controller.UserController - Inside findByUserId...100
2020-09-15 22:29:51,460 [http-nio-8080-exec-10] INFO  c.n.c.controller.UserController - Inside find all users...
2020-09-15 22:29:53,934 [http-nio-8080-exec-1] INFO  c.n.c.controller.UserController - Inside findByUserId...100
2020-09-15 22:30:40,145 [http-nio-8080-exec-3] INFO  c.n.c.controller.UserController - Inside find all users...
2020-09-15 22:30:45,492 [http-nio-8080-exec-5] INFO  c.n.c.controller.UserController - Inside find all users...
2020-09-15 22:31:12,600 [http-nio-8080-exec-7] INFO  c.n.c.controller.UserController - Inside find all users...
2020-09-15 22:31:14,756 [http-nio-8080-exec-8] INFO  c.n.c.controller.UserController - Inside find all users...
2020-09-15 22:31:16,328 [http-nio-8080-exec-10] INFO  c.n.c.controller.UserController - Inside findByUserId...100
2020-09-15 22:31:57,123 [http-nio-8080-exec-2] INFO  c.n.c.controller.UserController - Inside find all users...
2020-09-15 22:32:15,167 [http-nio-8080-exec-4] INFO  c.n.c.controller.UserController - Inside find all users...
2020-09-15 22:32:22,495 [http-nio-8080-exec-5] INFO  c.n.c.controller.UserController - Inside find all users...
2020-09-15 22:32:23,491 [http-nio-8080-exec-6] INFO  c.n.c.controller.UserController - Inside findByUserId...100
2020-09-15 22:33:01,067 [http-nio-8080-exec-8] INFO  c.n.c.controller.UserController - Inside find all users...
2020-09-15 22:33:02,765 [http-nio-8080-exec-9] INFO  c.n.c.controller.UserController - Inside find all users...
2020-09-15 22:33:03,426 [http-nio-8080-exec-10] INFO  c.n.c.controller.UserController - Inside findByUserId...100
2020-09-15 22:33:29,474 [http-nio-8080-exec-2] INFO  c.n.c.controller.UserController - Inside find all users...
2020-09-15 22:33:30,484 [http-nio-8080-exec-3] INFO  c.n.c.controller.UserController - Inside findByUserId...100
2020-09-15 22:34:17,891 [http-nio-8080-exec-5] INFO  c.n.c.controller.UserController - Inside find all users...
2020-09-15 22:34:19,752 [http-nio-8080-exec-6] INFO  c.n.c.controller.UserController - Inside findByUserId...100
2020-09-15 22:42:27,748 [http-nio-8080-exec-8] INFO  c.n.c.controller.UserController - Inside find all users...
2020-09-15 22:42:32,785 [http-nio-8080-exec-10] INFO  c.n.c.controller.UserController - Inside find all users...
2020-09-15 22:42:48,508 [http-nio-8080-exec-2] INFO  c.n.c.controller.UserController - Inside find all users...
2020-09-15 22:42:52,595 [http-nio-8080-exec-4] INFO  c.n.c.controller.UserController - Inside find all users...
2020-09-15 22:42:53,433 [http-nio-8080-exec-5] INFO  c.n.c.controller.UserController - Inside findByUserId...100
2020-09-15 22:46:33,831 [http-nio-8080-exec-7] INFO  c.n.c.controller.UserController - Inside find all users...
2020-09-15 22:46:35,022 [http-nio-8080-exec-8] INFO  c.n.c.controller.UserController - Inside findByUserId...100
2020-09-15 22:46:58,216 [http-nio-8080-exec-10] INFO  c.n.c.controller.UserController - Inside find all users...
2020-09-15 22:47:49,557 [http-nio-8080-exec-2] INFO  c.n.c.controller.UserController - Inside find all users...
2020-09-15 22:47:54,981 [http-nio-8080-exec-4] INFO  c.n.c.controller.UserController - Inside find all users...
2020-09-15 22:47:56,069 [http-nio-8080-exec-5] INFO  c.n.c.controller.UserController - Inside findByUserId...100
2020-09-15 22:49:15,839 [http-nio-8080-exec-7] INFO  c.n.c.controller.UserController - Inside find all users...
2020-09-15 22:49:48,938 [http-nio-8080-exec-9] INFO  c.n.c.controller.UserController - Inside find all users...
2020-09-15 22:49:56,536 [http-nio-8080-exec-1] INFO  c.n.c.controller.UserController - Inside find all users...
2020-09-15 22:50:03,992 [http-nio-8080-exec-3] INFO  c.n.c.controller.UserController - Inside find all users...
2020-09-15 22:50:09,829 [http-nio-8080-exec-4] INFO  c.n.c.controller.UserController - Inside find all users...
2020-09-15 22:50:10,392 [http-nio-8080-exec-6] INFO  c.n.c.controller.UserController - Inside findByUserId...100
2020-09-15 22:50:26,308 [http-nio-8080-exec-8] INFO  c.n.c.controller.UserController - Inside find all users...
2020-09-15 22:50:32,023 [http-nio-8080-exec-10] INFO  c.n.c.controller.UserController - Inside find all users...
2020-09-15 22:50:32,316 [http-nio-8080-exec-1] INFO  c.n.c.controller.UserController - Inside findByUserId...100
2020-09-15 22:53:40,118 [http-nio-8080-exec-3] INFO  c.n.c.controller.UserController - Inside find all users...
2020-09-15 22:53:54,948 [http-nio-8080-exec-5] INFO  c.n.c.controller.UserController - Inside find all users...
2020-09-15 22:53:57,504 [http-nio-8080-exec-6] INFO  c.n.c.controller.UserController - Inside findByUserId...100
2020-09-15 23:30:53,947 [http-nio-8080-exec-8] INFO  c.n.c.controller.UserController - Inside find all users...
2020-09-15 23:31:00,044 [http-nio-8080-exec-9] INFO  c.n.c.controller.UserController - Inside findByUserId...100
2020-09-15 23:31:44,129 [http-nio-8080-exec-10] INFO  c.n.c.controller.UserController - Inside find all users...
2020-09-15 23:34:06,591 [http-nio-8080-exec-2] INFO  c.n.c.controller.UserController - Inside findByUserId...100
2020-09-15 23:38:04,581 [http-nio-8080-exec-4] INFO  c.n.c.controller.UserController - Inside find all users...
2020-09-15 23:38:17,990 [http-nio-8080-exec-5] INFO  c.n.c.controller.UserController - Inside find all users...
2020-09-15 23:38:24,691 [http-nio-8080-exec-6] INFO  c.n.c.controller.UserController - Inside find all users...
2020-09-15 23:38:31,800 [http-nio-8080-exec-7] INFO  c.n.c.controller.UserController - Inside find all users...
2020-09-15 23:38:46,174 [http-nio-8080-exec-8] INFO  c.n.c.controller.UserController - Inside find all users...
2020-09-15 23:38:54,063 [http-nio-8080-exec-9] INFO  c.n.c.controller.UserController - Inside find all users...
2020-09-15 23:38:57,399 [http-nio-8080-exec-10] INFO  c.n.c.controller.UserController - Inside find all users...
2020-09-15 23:39:01,176 [http-nio-8080-exec-1] INFO  c.n.c.controller.UserController - Inside findByUserId...100
2020-09-15 23:39:10,438 [http-nio-8080-exec-2] INFO  c.n.c.controller.UserController - Inside find all users...
2020-09-15 23:39:32,664 [http-nio-8080-exec-3] INFO  c.n.c.controller.UserController - Inside find all users...
2020-09-15 23:39:35,226 [http-nio-8080-exec-4] INFO  c.n.c.controller.UserController - Inside findByUserId...100
2020-09-15 23:39:38,883 [http-nio-8080-exec-5] INFO  c.n.c.controller.UserController - Inside find all users...
2020-09-15 23:40:21,194 [http-nio-8080-exec-7] INFO  c.n.c.controller.UserController - Inside find all users...
2020-09-15 23:40:24,981 [http-nio-8080-exec-8] INFO  c.n.c.controller.UserController - Inside find all users...
2020-09-15 23:40:29,888 [http-nio-8080-exec-9] INFO  c.n.c.controller.UserController - Inside find all users...
2020-09-15 23:40:53,154 [http-nio-8080-exec-1] INFO  c.n.c.controller.UserController - Inside find all users...
2020-09-15 23:40:58,652 [http-nio-8080-exec-3] INFO  c.n.c.controller.UserController - Inside find all users...
2020-09-15 23:41:11,097 [http-nio-8080-exec-5] INFO  c.n.c.controller.UserController - Inside find all users...
2020-09-15 23:41:14,953 [http-nio-8080-exec-6] INFO  c.n.c.controller.UserController - Inside find all users...
2020-09-15 23:41:18,038 [http-nio-8080-exec-8] INFO  c.n.c.controller.UserController - Inside find all users...
2020-09-15 23:41:20,333 [http-nio-8080-exec-9] INFO  c.n.c.controller.UserController - Inside find all users...
2020-09-15 23:41:36,380 [http-nio-8080-exec-1] INFO  c.n.c.controller.UserController - Inside find all users...
2020-09-15 23:41:38,998 [http-nio-8080-exec-2] INFO  c.n.c.controller.UserController - Inside find all users...
2020-09-15 23:41:55,056 [http-nio-8080-exec-4] INFO  c.n.c.controller.UserController - Inside find all users...
2020-09-15 23:41:57,937 [http-nio-8080-exec-6] INFO  c.n.c.controller.UserController - Inside find all users...
2020-09-15 23:42:02,775 [http-nio-8080-exec-7] INFO  c.n.c.controller.UserController - Inside find all users...
2020-09-15 23:42:07,552 [http-nio-8080-exec-9] INFO  c.n.c.controller.UserController - Inside find all users...
2020-09-15 23:42:13,408 [http-nio-8080-exec-10] INFO  c.n.c.controller.UserController - Inside findByUserId...100
2020-09-15 23:42:24,653 [http-nio-8080-exec-2] INFO  c.n.c.controller.UserController - Inside find all users...
2020-09-15 23:42:31,349 [http-nio-8080-exec-4] INFO  c.n.c.controller.UserController - Inside find all users...
2020-09-15 23:42:32,076 [http-nio-8080-exec-5] INFO  c.n.c.controller.UserController - Inside findByUserId...100
2020-09-15 23:43:00,799 [http-nio-8080-exec-7] INFO  c.n.c.controller.UserController - Inside find all users...
2020-09-15 23:43:05,873 [http-nio-8080-exec-9] INFO  c.n.c.controller.UserController - Inside find all users...
2020-09-15 23:43:06,957 [http-nio-8080-exec-10] INFO  c.n.c.controller.UserController - Inside findByUserId...100
2020-09-15 23:43:08,846 [http-nio-8080-exec-1] INFO  c.n.c.controller.UserController - Inside findByUserId...100
2020-09-15 23:45:55,633 [http-nio-8080-exec-3] INFO  c.n.c.controller.UserController - Inside find all users...
2020-09-15 23:46:19,362 [http-nio-8080-exec-4] INFO  c.n.c.controller.UserController - Inside find all users...
2020-09-15 23:46:27,724 [http-nio-8080-exec-5] INFO  c.n.c.controller.UserController - Inside find all users...
2020-09-15 23:46:37,626 [http-nio-8080-exec-6] INFO  c.n.c.controller.UserController - Inside find all users...
2020-09-15 23:46:54,754 [http-nio-8080-exec-7] INFO  c.n.c.controller.UserController - Inside find all users...
2020-09-15 23:47:17,637 [http-nio-8080-exec-8] INFO  c.n.c.controller.UserController - Inside find all users...
2020-09-15 23:47:22,904 [http-nio-8080-exec-9] INFO  c.n.c.controller.UserController - Inside find all users...
2020-09-15 23:47:44,728 [http-nio-8080-exec-10] INFO  c.n.c.controller.UserController - Inside find all users...
2020-09-15 23:48:00,088 [http-nio-8080-exec-1] INFO  c.n.c.controller.UserController - Inside find all users...
2020-09-15 23:49:27,221 [http-nio-8080-exec-3] INFO  c.n.c.controller.UserController - Inside find all users...
2020-09-15 23:49:29,036 [http-nio-8080-exec-4] INFO  c.n.c.controller.UserController - Inside findByUserId...100
2020-09-15 23:50:36,678 [http-nio-8080-exec-6] INFO  c.n.c.controller.UserController - Inside find all users...
2020-09-15 23:51:01,682 [http-nio-8080-exec-7] INFO  c.n.c.controller.UserController - Inside find all users...
2020-09-15 23:51:06,540 [http-nio-8080-exec-8] INFO  c.n.c.controller.UserController - Inside find all users...
2020-09-15 23:51:08,747 [http-nio-8080-exec-9] INFO  c.n.c.controller.UserController - Inside find all users...
2020-09-15 23:51:16,979 [http-nio-8080-exec-1] INFO  c.n.c.controller.UserController - Inside findByUserId...100
2020-09-15 23:52:08,299 [http-nio-8080-exec-3] INFO  c.n.c.controller.UserController - Inside find all users...
2020-09-15 23:52:19,271 [http-nio-8080-exec-5] INFO  c.n.c.controller.UserController - Inside find all users...
2020-09-15 23:52:35,181 [http-nio-8080-exec-7] INFO  c.n.c.controller.UserController - Inside find all users...
2020-09-15 23:52:51,231 [http-nio-8080-exec-9] INFO  c.n.c.controller.UserController - Inside find all users...
2020-09-15 23:52:57,388 [http-nio-8080-exec-1] INFO  c.n.c.controller.UserController - Inside find all users...
2020-09-15 23:53:05,918 [http-nio-8080-exec-3] INFO  c.n.c.controller.UserController - Inside find all users...
2020-09-15 23:53:07,782 [http-nio-8080-exec-4] INFO  c.n.c.controller.UserController - Inside findByUserId...100
2020-09-15 23:54:30,364 [http-nio-8080-exec-6] INFO  c.n.c.controller.UserController - Inside find all users...
2020-09-15 23:55:00,215 [http-nio-8080-exec-8] INFO  c.n.c.controller.UserController - Inside find all users...
2020-09-15 23:55:39,278 [http-nio-8080-exec-10] INFO  c.n.c.controller.UserController - Inside find all users...
2020-09-15 23:55:53,152 [http-nio-8080-exec-1] INFO  c.n.c.controller.UserController - Inside find all users...
2020-09-15 23:56:08,988 [http-nio-8080-exec-2] INFO  c.n.c.controller.UserController - Inside find all users...
2020-09-15 23:56:16,873 [http-nio-8080-exec-3] INFO  c.n.c.controller.UserController - Inside find all users...
2020-09-15 23:56:31,086 [http-nio-8080-exec-4] INFO  c.n.c.controller.UserController - Inside find all users...
2020-09-15 23:56:39,754 [http-nio-8080-exec-5] INFO  c.n.c.controller.UserController - Inside findByUserId...100
2020-09-15 23:57:59,477 [http-nio-8080-exec-7] INFO  c.n.c.controller.UserController - Inside find all users...
2020-09-15 23:58:05,036 [http-nio-8080-exec-8] INFO  c.n.c.controller.UserController - Inside findByUserId...100
2020-09-15 23:59:08,238 [http-nio-8080-exec-10] INFO  c.n.c.controller.UserController - Inside find all users...
2020-09-15 23:59:23,017 [http-nio-8080-exec-1] INFO  c.n.c.controller.UserController - Inside find all users...
2020-09-15 23:59:58,601 [http-nio-8080-exec-2] INFO  c.n.c.controller.UserController - Inside find all users...
2020-09-15 23:59:59,786 [http-nio-8080-exec-3] INFO  c.n.c.controller.UserController - Inside findByUserId...100
