2020-09-16 00:00:40,029 [http-nio-8080-exec-4] INFO  c.n.c.controller.UserController - Inside find all users...
2020-09-16 00:00:43,799 [http-nio-8080-exec-5] INFO  c.n.c.controller.UserController - Inside find all users...
2020-09-16 00:00:44,889 [http-nio-8080-exec-6] INFO  c.n.c.controller.UserController - Inside findByUserId...100
2020-09-16 00:04:27,233 [http-nio-8080-exec-8] INFO  c.n.c.controller.UserController - Inside find all users...
2020-09-16 00:04:44,327 [http-nio-8080-exec-10] INFO  c.n.c.controller.UserController - Inside find all users...
2020-09-16 00:05:17,444 [http-nio-8080-exec-2] INFO  c.n.c.controller.UserController - Inside find all users...
2020-09-16 00:06:34,098 [http-nio-8080-exec-4] INFO  c.n.c.controller.UserController - Inside find all users...
2020-09-16 00:06:58,007 [http-nio-8080-exec-5] INFO  c.n.c.controller.UserController - Inside find all users...
2020-09-16 00:07:00,908 [http-nio-8080-exec-6] INFO  c.n.c.controller.UserController - Inside find all users...
2020-09-16 00:07:46,251 [http-nio-8080-exec-7] INFO  c.n.c.controller.UserController - Inside find all users...
2020-09-16 00:08:00,958 [http-nio-8080-exec-8] INFO  c.n.c.controller.UserController - Inside find all users...
2020-09-16 00:08:45,090 [http-nio-8080-exec-9] INFO  c.n.c.controller.UserController - Inside find all users...
2020-09-16 00:08:51,258 [http-nio-8080-exec-10] INFO  c.n.c.controller.UserController - Inside findByUserId...100
2020-09-16 00:08:58,678 [http-nio-8080-exec-1] INFO  c.n.c.controller.UserController - Inside find all users...
2020-09-16 00:09:46,933 [http-nio-8080-exec-2] INFO  c.n.c.controller.UserController - Inside find all users...
2020-09-16 00:09:51,588 [http-nio-8080-exec-3] INFO  c.n.c.controller.UserController - Inside find all users...
2020-09-16 00:09:55,714 [http-nio-8080-exec-4] INFO  c.n.c.controller.UserController - Inside findByUserId...100
2020-09-16 00:10:45,322 [http-nio-8080-exec-5] INFO  c.n.c.controller.UserController - Inside findByUserId...100
2020-09-16 00:15:08,065 [http-nio-8080-exec-7] INFO  c.n.c.controller.UserController - Inside find all users...
2020-09-16 00:15:20,928 [http-nio-8080-exec-9] INFO  c.n.c.controller.UserController - Inside find all users...
2020-09-16 00:16:41,741 [http-nio-8080-exec-1] INFO  c.n.c.controller.UserController - Inside find all users...
2020-09-16 00:16:46,672 [http-nio-8080-exec-2] INFO  c.n.c.controller.UserController - Inside find all users...
2020-09-16 00:16:51,801 [http-nio-8080-exec-4] INFO  c.n.c.controller.UserController - Inside find all users...
2020-09-16 00:16:56,445 [http-nio-8080-exec-5] INFO  c.n.c.controller.UserController - Inside find all users...
2020-09-16 00:17:03,802 [http-nio-8080-exec-7] INFO  c.n.c.controller.UserController - Inside find all users...
2020-09-16 00:19:20,286 [http-nio-8080-exec-9] INFO  c.n.c.controller.UserController - Inside find all users...
2020-09-16 00:19:25,196 [http-nio-8080-exec-1] INFO  c.n.c.controller.UserController - Inside find all users...
2020-09-16 00:24:07,304 [http-nio-8080-exec-3] INFO  c.n.c.controller.UserController - Inside find all users...
2020-09-16 00:43:52,687 [http-nio-8080-exec-5] INFO  c.n.c.controller.UserController - Inside find all users...
2020-09-16 00:43:57,379 [http-nio-8080-exec-7] INFO  c.n.c.controller.UserController - Inside find all users...
2020-09-16 07:16:56,246 [http-nio-8080-exec-9] INFO  c.n.c.controller.UserController - Inside find all users...
2020-09-16 07:18:04,388 [http-nio-8080-exec-1] INFO  c.n.c.controller.UserController - Inside find all users...
2020-09-16 07:22:31,318 [http-nio-8080-exec-3] INFO  c.n.c.controller.UserController - Inside find all users...
2020-09-16 07:22:36,479 [http-nio-8080-exec-5] INFO  c.n.c.controller.UserController - Inside find all users...
2020-09-16 07:34:11,085 [http-nio-8080-exec-7] INFO  c.n.c.controller.UserController - Inside find all users...
2020-09-16 07:42:13,840 [http-nio-8080-exec-9] INFO  c.n.c.controller.UserController - Inside find all users...
2020-09-16 07:46:50,267 [http-nio-8080-exec-1] INFO  c.n.c.controller.UserController - Inside find all users...
2020-09-16 07:46:55,865 [http-nio-8080-exec-3] INFO  c.n.c.controller.UserController - Inside find all users...
2020-09-16 07:48:15,732 [http-nio-8080-exec-5] INFO  c.n.c.controller.UserController - Inside find all users...
2020-09-16 07:49:08,573 [http-nio-8080-exec-7] INFO  c.n.c.controller.UserController - Inside find all users...
2020-09-16 07:54:40,370 [http-nio-8080-exec-9] INFO  c.n.c.controller.UserController - Inside find all users...
2020-09-16 07:59:05,702 [http-nio-8080-exec-1] INFO  c.n.c.controller.UserController - Inside find all users...
2020-09-16 07:59:14,236 [http-nio-8080-exec-2] INFO  c.n.c.controller.UserController - Inside find all users...
2020-09-16 08:00:16,605 [http-nio-8080-exec-4] INFO  c.n.c.controller.UserController - Inside find all users...
2020-09-16 08:03:27,586 [http-nio-8080-exec-6] INFO  c.n.c.controller.UserController - Inside find all users...
2020-09-16 08:41:30,193 [http-nio-8080-exec-8] INFO  c.n.c.controller.UserController - Inside find all users...
2020-09-16 08:45:07,282 [http-nio-8080-exec-10] INFO  c.n.c.controller.UserController - Inside find all users...
2020-09-16 08:49:50,535 [http-nio-8080-exec-2] INFO  c.n.c.controller.UserController - Inside find all users...
2020-09-16 11:36:51,062 [http-nio-8080-exec-4] INFO  c.n.c.controller.UserController - Inside find all users...
2020-09-16 11:36:53,042 [http-nio-8080-exec-6] INFO  c.n.c.controller.UserController - Inside findByUserId...100
2020-09-16 11:36:54,337 [http-nio-8080-exec-7] INFO  c.n.c.controller.UserController - Inside findByUserId...100
2020-09-16 11:39:20,144 [http-nio-8080-exec-9] INFO  c.n.c.controller.UserController - Inside findByUserId...100
2020-09-16 11:42:38,150 [http-nio-8080-exec-1] INFO  c.n.c.controller.UserController - Inside findByUserId...100
2020-09-16 11:46:18,287 [http-nio-8080-exec-3] INFO  c.n.c.controller.UserController - Inside find all users...
2020-09-16 11:46:35,768 [http-nio-8080-exec-4] INFO  c.n.c.controller.UserController - Inside find all users...
2020-09-16 11:46:48,947 [http-nio-8080-exec-5] INFO  c.n.c.controller.UserController - Inside findByUserId...100
2020-09-16 11:47:46,975 [http-nio-8080-exec-6] INFO  c.n.c.controller.UserController - Inside find all users...
2020-09-16 11:47:48,529 [http-nio-8080-exec-7] INFO  c.n.c.controller.UserController - Inside find all users...
2020-09-16 11:47:50,107 [http-nio-8080-exec-8] INFO  c.n.c.controller.UserController - Inside find all users...
2020-09-16 11:47:58,989 [http-nio-8080-exec-10] INFO  c.n.c.controller.UserController - Inside find all users...
2020-09-16 11:48:02,549 [http-nio-8080-exec-2] INFO  c.n.c.controller.UserController - Inside findByUserId...100
2020-09-16 12:13:45,304 [http-nio-8080-exec-4] INFO  c.n.c.controller.UserController - Inside find all users...
2020-09-16 12:13:58,261 [http-nio-8080-exec-6] INFO  c.n.c.controller.UserController - Inside find all users...
2020-09-16 12:14:04,305 [http-nio-8080-exec-8] INFO  c.n.c.controller.UserController - Inside find all users...
2020-09-16 12:14:08,997 [http-nio-8080-exec-9] INFO  c.n.c.controller.UserController - Inside find all users...
2020-09-16 12:14:15,816 [http-nio-8080-exec-1] INFO  c.n.c.controller.UserController - Inside find all users...
2020-09-16 12:14:19,386 [http-nio-8080-exec-2] INFO  c.n.c.controller.UserController - Inside find all users...
2020-09-16 12:15:13,394 [http-nio-8080-exec-4] INFO  c.n.c.controller.UserController - Inside find all users...
2020-09-16 12:15:27,573 [http-nio-8080-exec-6] INFO  c.n.c.controller.UserController - Inside find all users...
2020-09-16 12:15:34,162 [http-nio-8080-exec-8] INFO  c.n.c.controller.UserController - Inside find all users...
2020-09-16 12:15:39,875 [http-nio-8080-exec-9] INFO  c.n.c.controller.UserController - Inside find all users...
2020-09-16 12:15:44,457 [http-nio-8080-exec-1] INFO  c.n.c.controller.UserController - Inside find all users...
2020-09-16 12:16:43,049 [http-nio-8080-exec-3] INFO  c.n.c.controller.UserController - Inside find all users...
2020-09-16 12:16:45,783 [http-nio-8080-exec-4] INFO  c.n.c.controller.UserController - Inside findByUserId...100
2020-09-16 12:17:45,766 [http-nio-8080-exec-6] INFO  c.n.c.controller.UserController - Inside find all users...
2020-09-16 12:17:47,951 [http-nio-8080-exec-7] INFO  c.n.c.controller.UserController - Inside find all users...
2020-09-16 12:17:52,626 [http-nio-8080-exec-9] INFO  c.n.c.controller.UserController - Inside find all users...
2020-09-16 12:17:55,708 [http-nio-8080-exec-10] INFO  c.n.c.controller.UserController - Inside find all users...
2020-09-16 12:17:58,555 [http-nio-8080-exec-1] INFO  c.n.c.controller.UserController - Inside findByUserId...100
2020-09-16 12:18:26,196 [http-nio-8080-exec-3] INFO  c.n.c.controller.UserController - Inside findByUserId...100
2020-09-16 12:18:47,360 [http-nio-8080-exec-5] INFO  c.n.c.controller.UserController - Inside find all users...
2020-09-16 12:19:11,606 [http-nio-8080-exec-7] INFO  c.n.c.controller.UserController - Inside find all users...
2020-09-16 12:19:14,808 [http-nio-8080-exec-8] INFO  c.n.c.controller.UserController - Inside find all users...
2020-09-16 12:19:19,507 [http-nio-8080-exec-10] INFO  c.n.c.controller.UserController - Inside findByUserId...100
2020-09-16 12:19:47,141 [http-nio-8080-exec-2] INFO  c.n.c.controller.UserController - Inside find all users...
2020-09-16 12:19:53,650 [http-nio-8080-exec-4] INFO  c.n.c.controller.UserController - Inside find all users...
2020-09-16 12:19:55,092 [http-nio-8080-exec-5] INFO  c.n.c.controller.UserController - Inside findByUserId...100
2020-09-16 12:21:06,683 [http-nio-8080-exec-7] INFO  c.n.c.controller.UserController - Inside find all users...
2020-09-16 12:21:10,290 [http-nio-8080-exec-9] INFO  c.n.c.controller.UserController - Inside findByUserId...100
2020-09-16 12:21:56,345 [http-nio-8080-exec-1] INFO  c.n.c.controller.UserController - Inside find all users...
2020-09-16 12:23:06,516 [http-nio-8080-exec-3] INFO  c.n.c.controller.UserController - Inside find all users...
2020-09-16 12:26:53,098 [http-nio-8080-exec-5] INFO  c.n.c.controller.UserController - Inside find all users...
2020-09-16 12:26:55,244 [http-nio-8080-exec-6] INFO  c.n.c.controller.UserController - Inside find all users...
2020-09-16 12:26:57,204 [http-nio-8080-exec-7] INFO  c.n.c.controller.UserController - Inside findByUserId...100
2020-09-16 12:27:05,621 [http-nio-8080-exec-8] INFO  c.n.c.controller.UserController - Inside find all users...
2020-09-16 12:27:18,104 [http-nio-8080-exec-9] INFO  c.n.c.controller.UserController - Inside findByUserId...100
2020-09-16 12:27:25,583 [http-nio-8080-exec-10] INFO  c.n.c.controller.UserController - Inside find all users...
2020-09-16 12:27:27,207 [http-nio-8080-exec-1] INFO  c.n.c.controller.UserController - Inside find all users...
2020-09-16 12:27:30,982 [http-nio-8080-exec-2] INFO  c.n.c.controller.UserController - Inside find all users...
2020-09-16 12:27:32,859 [http-nio-8080-exec-3] INFO  c.n.c.controller.UserController - Inside find all users...
2020-09-16 12:28:42,431 [http-nio-8080-exec-5] INFO  c.n.c.controller.UserController - Inside find all users...
2020-09-16 12:28:45,874 [http-nio-8080-exec-6] INFO  c.n.c.controller.UserController - Inside findByUserId...100
2020-09-16 12:47:32,642 [http-nio-8080-exec-8] INFO  c.n.c.controller.UserController - Inside find all users...
2020-09-16 12:47:34,978 [http-nio-8080-exec-9] INFO  c.n.c.controller.UserController - Inside findByUserId...100
2020-09-16 12:51:52,752 [http-nio-8080-exec-1] INFO  c.n.c.controller.UserController - Inside find all users...
2020-09-16 12:51:55,390 [http-nio-8080-exec-2] INFO  c.n.c.controller.UserController - Inside findByUserId...100
2020-09-16 12:52:21,910 [http-nio-8080-exec-4] INFO  c.n.c.controller.UserController - Inside find all users...
2020-09-16 12:52:23,279 [http-nio-8080-exec-5] INFO  c.n.c.controller.UserController - Inside findByUserId...100
2020-09-16 12:52:29,024 [http-nio-8080-exec-7] INFO  c.n.c.controller.UserController - Inside find all users...
2020-09-16 12:53:03,296 [http-nio-8080-exec-9] INFO  c.n.c.controller.UserController - Inside find all users...
2020-09-16 12:53:04,787 [http-nio-8080-exec-10] INFO  c.n.c.controller.UserController - Inside findByUserId...100
2020-09-16 12:53:13,737 [http-nio-8080-exec-2] INFO  c.n.c.controller.UserController - Inside find all users...
2020-09-16 12:53:15,155 [http-nio-8080-exec-3] INFO  c.n.c.controller.UserController - Inside findByUserId...100
2020-09-16 12:53:53,999 [http-nio-8080-exec-5] INFO  c.n.c.controller.UserController - Inside find all users...
2020-09-16 12:54:05,129 [http-nio-8080-exec-7] INFO  c.n.c.controller.UserController - Inside find all users...
2020-09-16 12:54:10,796 [http-nio-8080-exec-8] INFO  c.n.c.controller.UserController - Inside find all users...
2020-09-16 12:55:17,720 [http-nio-8080-exec-10] INFO  c.n.c.controller.UserController - Inside find all users...
2020-09-16 12:55:26,177 [http-nio-8080-exec-2] INFO  c.n.c.controller.UserController - Inside find all users...
2020-09-16 12:55:33,170 [http-nio-8080-exec-4] INFO  c.n.c.controller.UserController - Inside find all users...
2020-09-16 12:56:32,682 [http-nio-8080-exec-6] INFO  c.n.c.controller.UserController - Inside find all users...
2020-09-16 12:56:37,588 [http-nio-8080-exec-7] INFO  c.n.c.controller.UserController - Inside find all users...
2020-09-16 12:56:42,758 [http-nio-8080-exec-9] INFO  c.n.c.controller.UserController - Inside find all users...
2020-09-16 12:56:54,224 [http-nio-8080-exec-1] INFO  c.n.c.controller.UserController - Inside find all users...
2020-09-16 12:56:56,199 [http-nio-8080-exec-2] INFO  c.n.c.controller.UserController - Inside find all users...
2020-09-16 12:57:37,091 [http-nio-8080-exec-4] INFO  c.n.c.controller.UserController - Inside find all users...
2020-09-16 12:58:02,141 [http-nio-8080-exec-6] INFO  c.n.c.controller.UserController - Inside find all users...
2020-09-16 12:58:05,307 [http-nio-8080-exec-7] INFO  c.n.c.controller.UserController - Inside find all users...
2020-09-16 12:58:17,632 [http-nio-8080-exec-9] INFO  c.n.c.controller.UserController - Inside find all users...
2020-09-16 12:58:20,014 [http-nio-8080-exec-1] INFO  c.n.c.controller.UserController - Inside find all users...
2020-09-16 12:58:30,593 [http-nio-8080-exec-2] INFO  c.n.c.controller.UserController - Inside find all users...
2020-09-16 12:58:33,416 [http-nio-8080-exec-3] INFO  c.n.c.controller.UserController - Inside findByUserId...100
2020-09-16 12:58:54,768 [main] INFO  com.nttdata.challenge.Application - Starting Application on INCHNDL79DDKVT2 with PID 38216 (C:\Project\FullStack-Project\api\target\classes started by 205741 in C:\Project\FullStack-Project\api)
2020-09-16 12:58:54,772 [main] INFO  com.nttdata.challenge.Application - No active profile set, falling back to default profiles: default
2020-09-16 12:58:55,589 [main] INFO  o.s.d.r.c.RepositoryConfigurationDelegate - Bootstrapping Spring Data repositories in DEFAULT mode.
2020-09-16 12:58:55,684 [main] INFO  o.s.d.r.c.RepositoryConfigurationDelegate - Finished Spring Data repository scanning in 87ms. Found 1 repository interfaces.
2020-09-16 12:58:57,426 [main] INFO  o.s.b.w.e.tomcat.TomcatWebServer - Tomcat initialized with port(s): 8080 (http)
2020-09-16 12:58:57,446 [main] INFO  o.a.coyote.http11.Http11NioProtocol - Initializing ProtocolHandler ["http-nio-8080"]
2020-09-16 12:58:57,474 [main] INFO  o.a.catalina.core.StandardService - Starting service [Tomcat]
2020-09-16 12:58:57,475 [main] INFO  o.a.catalina.core.StandardEngine - Starting Servlet Engine: Apache Tomcat/9.0.13
2020-09-16 12:58:57,497 [main] INFO  o.a.c.core.AprLifecycleListener - The APR based Apache Tomcat Native library which allows optimal performance in production environments was not found on the java.library.path: [C:\Program Files\Zulu\zulu-8\bin;C:\windows\Sun\Java\bin;C:\windows\system32;C:\windows;C:/Program Files/Zulu/zulu-8/bin/../jre/bin/server;C:/Program Files/Zulu/zulu-8/bin/../jre/bin;C:/Program Files/Zulu/zulu-8/bin/../jre/lib/amd64;C:\Program Files (x86)\Python37-32\Scripts\;C:\Program Files (x86)\Python37-32\;C:\windows\system32;C:\windows;C:\windows\System32\Wbem;C:\windows\System32\WindowsPowerShell\v1.0\;C:\windows\System32\OpenSSH\;C:\Program Files (x86)\Webex\Plugins;C:\Program Files\Zulu\zulu-8\bin;C:\Program Files\nodejs\;C:\Program Files\Zulu\zulu-8\bin;C:\Program Files\dotnet\;C:\Program Files\Microsoft SQL Server\130\Tools\Binn\;C:\Program Files\Microsoft SQL Server\Client SDK\ODBC\170\Tools\Binn\;C:\graalvm-ee-java8-19.3.2\bin;C:\Program Files\Microsoft Windows Performance Toolkit\;C:\ProgramData\chocolatey\bin;C:\Program Files\apache-maven-3.6.3\bin;C:\Program Files\Git\cmd;C:\Program Files\OpenSSL-Win64\bin;C:\Users\205741\AppData\Local\Microsoft\WindowsApps;C:\Users\205741\AppData\Local\JetBrains\IntelliJ IDEA 2019.3.3\bin;;C:\Users\205741\AppData\Roaming\npm;C:\Program Files\OpenSSL-Win64\bin;C:\Users\205741\AppData\Local\GitHubDesktop\bin;C:\eclipse;;.]
2020-09-16 12:58:57,751 [main] INFO  o.a.c.c.C.[.[localhost].[/challenge] - Initializing Spring embedded WebApplicationContext
2020-09-16 12:58:57,752 [main] INFO  o.s.web.context.ContextLoader - Root WebApplicationContext: initialization completed in 2932 ms
2020-09-16 12:58:59,119 [main] INFO  org.mongodb.driver.cluster - Cluster created with settings {hosts=[localhost:27017], mode=MULTIPLE, requiredClusterType=UNKNOWN, serverSelectionTimeout='30000 ms', maxWaitQueueSize=500}
2020-09-16 12:58:59,119 [main] INFO  org.mongodb.driver.cluster - Adding discovered server localhost:27017 to client view of cluster
2020-09-16 12:58:59,219 [cluster-ClusterId{value='5f61bebb29af59954804c1af', description='null'}-localhost:27017] INFO  org.mongodb.driver.connection - Opened connection [connectionId{localValue:1, serverValue:30}] to localhost:27017
2020-09-16 12:58:59,226 [cluster-ClusterId{value='5f61bebb29af59954804c1af', description='null'}-localhost:27017] INFO  org.mongodb.driver.cluster - Monitor thread successfully connected to server with description ServerDescription{address=localhost:27017, type=STANDALONE, state=CONNECTED, ok=true, version=ServerVersion{versionList=[4, 0, 9]}, minWireVersion=0, maxWireVersion=7, maxDocumentSize=16777216, logicalSessionTimeoutMinutes=30, roundTripTimeNanos=4321200}
2020-09-16 12:58:59,227 [cluster-ClusterId{value='5f61bebb29af59954804c1af', description='null'}-localhost:27017] INFO  org.mongodb.driver.cluster - Discovered cluster type of STANDALONE
2020-09-16 12:58:59,423 [main] INFO  org.mongodb.driver.connection - Opened connection [connectionId{localValue:2, serverValue:31}] to localhost:27017
2020-09-16 12:58:59,748 [main] INFO  o.s.s.c.ThreadPoolTaskExecutor - Initializing ExecutorService 'applicationTaskExecutor'
2020-09-16 12:58:59,981 [main] INFO  o.a.coyote.http11.Http11NioProtocol - Starting ProtocolHandler ["http-nio-8080"]
2020-09-16 12:58:59,997 [main] INFO  o.a.tomcat.util.net.NioSelectorPool - Using a shared selector for servlet write/read
2020-09-16 12:59:00,000 [main] ERROR o.apache.catalina.util.LifecycleBase - Failed to start component [Connector[HTTP/1.1-8080]]
org.apache.catalina.LifecycleException: Protocol handler start failed
	at org.apache.catalina.connector.Connector.startInternal(Connector.java:1001)
	at org.apache.catalina.util.LifecycleBase.start(LifecycleBase.java:183)
	at org.apache.catalina.core.StandardService.addConnector(StandardService.java:225)
	at org.springframework.boot.web.embedded.tomcat.TomcatWebServer.addPreviouslyRemovedConnectors(TomcatWebServer.java:259)
	at org.springframework.boot.web.embedded.tomcat.TomcatWebServer.start(TomcatWebServer.java:197)
	at org.springframework.boot.web.servlet.context.ServletWebServerApplicationContext.startWebServer(ServletWebServerApplicationContext.java:311)
	at org.springframework.boot.web.servlet.context.ServletWebServerApplicationContext.finishRefresh(ServletWebServerApplicationContext.java:164)
	at org.springframework.context.support.AbstractApplicationContext.refresh(AbstractApplicationContext.java:549)
	at org.springframework.boot.web.servlet.context.ServletWebServerApplicationContext.refresh(ServletWebServerApplicationContext.java:142)
	at org.springframework.boot.SpringApplication.refresh(SpringApplication.java:775)
	at org.springframework.boot.SpringApplication.refreshContext(SpringApplication.java:397)
	at org.springframework.boot.SpringApplication.run(SpringApplication.java:316)
	at org.springframework.boot.SpringApplication.run(SpringApplication.java:1260)
	at org.springframework.boot.SpringApplication.run(SpringApplication.java:1248)
	at com.nttdata.challenge.Application.main(Application.java:16)
Caused by: java.net.BindException: Address already in use: bind
	at sun.nio.ch.Net.bind0(Native Method)
	at sun.nio.ch.Net.bind(Net.java:433)
	at sun.nio.ch.Net.bind(Net.java:425)
	at sun.nio.ch.ServerSocketChannelImpl.bind(ServerSocketChannelImpl.java:223)
	at sun.nio.ch.ServerSocketAdaptor.bind(ServerSocketAdaptor.java:74)
	at org.apache.tomcat.util.net.NioEndpoint.initServerSocket(NioEndpoint.java:236)
	at org.apache.tomcat.util.net.NioEndpoint.bind(NioEndpoint.java:210)
	at org.apache.tomcat.util.net.AbstractEndpoint.bindWithCleanup(AbstractEndpoint.java:1067)
	at org.apache.tomcat.util.net.AbstractEndpoint.start(AbstractEndpoint.java:1149)
	at org.apache.coyote.AbstractProtocol.start(AbstractProtocol.java:561)
	at org.apache.catalina.connector.Connector.startInternal(Connector.java:998)
	... 14 common frames omitted
2020-09-16 12:59:00,008 [main] INFO  o.a.coyote.http11.Http11NioProtocol - Pausing ProtocolHandler ["http-nio-8080"]
2020-09-16 12:59:00,008 [main] INFO  o.a.catalina.core.StandardService - Stopping service [Tomcat]
2020-09-16 12:59:00,026 [main] INFO  o.apache.catalina.util.LifecycleBase - The stop() method was called on component [StandardServer[-1]] after stop() had already been called. The second call will be ignored.
2020-09-16 12:59:00,026 [main] INFO  o.a.coyote.http11.Http11NioProtocol - Stopping ProtocolHandler ["http-nio-8080"]
2020-09-16 12:59:00,027 [main] INFO  o.a.coyote.http11.Http11NioProtocol - Destroying ProtocolHandler ["http-nio-8080"]
2020-09-16 12:59:00,030 [main] INFO  o.s.b.a.l.ConditionEvaluationReportLoggingListener - 

Error starting ApplicationContext. To display the conditions report re-run your application with 'debug' enabled.
2020-09-16 12:59:00,032 [main] ERROR o.s.b.d.LoggingFailureAnalysisReporter - 

***************************
APPLICATION FAILED TO START
***************************

Description:

The Tomcat connector configured to listen on port 8080 failed to start. The port may already be in use or the connector may be misconfigured.

Action:

Verify the connector's configuration, identify and stop any process that's listening on port 8080, or configure this application to listen on another port.

2020-09-16 12:59:00,035 [main] INFO  o.s.s.c.ThreadPoolTaskExecutor - Shutting down ExecutorService 'applicationTaskExecutor'
2020-09-16 12:59:00,038 [main] INFO  org.mongodb.driver.connection - Closed connection [connectionId{localValue:2, serverValue:31}] to localhost:27017 because the pool has been closed.
2020-09-16 13:03:16,766 [main] INFO  com.nttdata.challenge.Application - Starting Application on INCHNDL79DDKVT2 with PID 1884 (C:\Project\FullStack-Project\api\target\classes started by 205741 in C:\Project\FullStack-Project\api)
2020-09-16 13:03:16,769 [main] INFO  com.nttdata.challenge.Application - No active profile set, falling back to default profiles: default
2020-09-16 13:03:17,600 [main] INFO  o.s.d.r.c.RepositoryConfigurationDelegate - Bootstrapping Spring Data repositories in DEFAULT mode.
2020-09-16 13:03:17,731 [main] INFO  o.s.d.r.c.RepositoryConfigurationDelegate - Finished Spring Data repository scanning in 121ms. Found 1 repository interfaces.
2020-09-16 13:03:19,001 [main] INFO  o.s.b.w.e.tomcat.TomcatWebServer - Tomcat initialized with port(s): 8080 (http)
2020-09-16 13:03:19,019 [main] INFO  o.a.coyote.http11.Http11NioProtocol - Initializing ProtocolHandler ["http-nio-8080"]
2020-09-16 13:03:19,032 [main] INFO  o.a.catalina.core.StandardService - Starting service [Tomcat]
2020-09-16 13:03:19,032 [main] INFO  o.a.catalina.core.StandardEngine - Starting Servlet Engine: Apache Tomcat/9.0.13
2020-09-16 13:03:19,042 [main] INFO  o.a.c.core.AprLifecycleListener - The APR based Apache Tomcat Native library which allows optimal performance in production environments was not found on the java.library.path: [C:\Program Files\Zulu\zulu-8\bin;C:\windows\Sun\Java\bin;C:\windows\system32;C:\windows;C:/Program Files/Zulu/zulu-8/bin/../jre/bin/server;C:/Program Files/Zulu/zulu-8/bin/../jre/bin;C:/Program Files/Zulu/zulu-8/bin/../jre/lib/amd64;C:\Program Files (x86)\Python37-32\Scripts\;C:\Program Files (x86)\Python37-32\;C:\windows\system32;C:\windows;C:\windows\System32\Wbem;C:\windows\System32\WindowsPowerShell\v1.0\;C:\windows\System32\OpenSSH\;C:\Program Files (x86)\Webex\Plugins;C:\Program Files\Zulu\zulu-8\bin;C:\Program Files\nodejs\;C:\Program Files\Zulu\zulu-8\bin;C:\Program Files\dotnet\;C:\Program Files\Microsoft SQL Server\130\Tools\Binn\;C:\Program Files\Microsoft SQL Server\Client SDK\ODBC\170\Tools\Binn\;C:\graalvm-ee-java8-19.3.2\bin;C:\Program Files\Microsoft Windows Performance Toolkit\;C:\ProgramData\chocolatey\bin;C:\Program Files\apache-maven-3.6.3\bin;C:\Program Files\Git\cmd;C:\Program Files\OpenSSL-Win64\bin;C:\Users\205741\AppData\Local\Microsoft\WindowsApps;C:\Users\205741\AppData\Local\JetBrains\IntelliJ IDEA 2019.3.3\bin;;C:\Users\205741\AppData\Roaming\npm;C:\Program Files\OpenSSL-Win64\bin;C:\Users\205741\AppData\Local\GitHubDesktop\bin;C:\eclipse;;.]
2020-09-16 13:03:19,148 [main] INFO  o.a.c.c.C.[.[localhost].[/challenge] - Initializing Spring embedded WebApplicationContext
2020-09-16 13:03:19,149 [main] INFO  o.s.web.context.ContextLoader - Root WebApplicationContext: initialization completed in 2330 ms
2020-09-16 13:03:20,190 [main] INFO  org.mongodb.driver.cluster - Cluster created with settings {hosts=[localhost:27017], mode=MULTIPLE, requiredClusterType=UNKNOWN, serverSelectionTimeout='30000 ms', maxWaitQueueSize=500}
2020-09-16 13:03:20,191 [main] INFO  org.mongodb.driver.cluster - Adding discovered server localhost:27017 to client view of cluster
2020-09-16 13:03:20,251 [cluster-ClusterId{value='5f61bfc029af59075c2bf432', description='null'}-localhost:27017] INFO  org.mongodb.driver.connection - Opened connection [connectionId{localValue:1, serverValue:32}] to localhost:27017
2020-09-16 13:03:20,256 [cluster-ClusterId{value='5f61bfc029af59075c2bf432', description='null'}-localhost:27017] INFO  org.mongodb.driver.cluster - Monitor thread successfully connected to server with description ServerDescription{address=localhost:27017, type=STANDALONE, state=CONNECTED, ok=true, version=ServerVersion{versionList=[4, 0, 9]}, minWireVersion=0, maxWireVersion=7, maxDocumentSize=16777216, logicalSessionTimeoutMinutes=30, roundTripTimeNanos=3567800}
2020-09-16 13:03:20,258 [cluster-ClusterId{value='5f61bfc029af59075c2bf432', description='null'}-localhost:27017] INFO  org.mongodb.driver.cluster - Discovered cluster type of STANDALONE
2020-09-16 13:03:20,417 [main] INFO  org.mongodb.driver.connection - Opened connection [connectionId{localValue:2, serverValue:33}] to localhost:27017
2020-09-16 13:03:20,696 [main] INFO  o.s.s.c.ThreadPoolTaskExecutor - Initializing ExecutorService 'applicationTaskExecutor'
2020-09-16 13:03:20,894 [main] INFO  o.a.coyote.http11.Http11NioProtocol - Starting ProtocolHandler ["http-nio-8080"]
2020-09-16 13:03:20,914 [main] INFO  o.a.tomcat.util.net.NioSelectorPool - Using a shared selector for servlet write/read
2020-09-16 13:03:20,947 [main] INFO  o.s.b.w.e.tomcat.TomcatWebServer - Tomcat started on port(s): 8080 (http) with context path '/challenge'
2020-09-16 13:03:20,951 [main] INFO  com.nttdata.challenge.Application - Started Application in 4.512 seconds (JVM running for 5.092)
2020-09-16 13:03:26,371 [http-nio-8080-exec-1] INFO  o.a.c.c.C.[.[localhost].[/challenge] - Initializing Spring DispatcherServlet 'dispatcherServlet'
2020-09-16 13:03:26,372 [http-nio-8080-exec-1] INFO  o.s.web.servlet.DispatcherServlet - Initializing Servlet 'dispatcherServlet'
2020-09-16 13:03:26,383 [http-nio-8080-exec-1] INFO  o.s.web.servlet.DispatcherServlet - Completed initialization in 11 ms
2020-09-16 13:03:26,451 [http-nio-8080-exec-1] INFO  c.n.c.controller.UserController - Inside find all users...
2020-09-16 13:03:28,155 [http-nio-8080-exec-3] INFO  c.n.c.controller.UserController - Inside findByUserId...100
2020-09-16 13:04:24,980 [http-nio-8080-exec-5] INFO  c.n.c.controller.UserController - Inside find all users...
2020-09-16 13:04:41,245 [http-nio-8080-exec-7] INFO  c.n.c.controller.UserController - Inside find all users...
2020-09-16 13:04:47,202 [http-nio-8080-exec-8] INFO  c.n.c.controller.UserController - Inside find all users...
2020-09-16 13:04:50,804 [http-nio-8080-exec-9] INFO  c.n.c.controller.UserController - Inside find all users...
2020-09-16 13:04:53,031 [http-nio-8080-exec-1] INFO  c.n.c.controller.UserController - Inside find all users...
2020-09-16 13:05:00,750 [http-nio-8080-exec-3] INFO  c.n.c.controller.UserController - Inside findByUserId...100
2020-09-16 13:05:44,761 [http-nio-8080-exec-5] INFO  c.n.c.controller.UserController - Inside find all users...
2020-09-16 13:05:48,697 [http-nio-8080-exec-7] INFO  c.n.c.controller.UserController - Inside findByUserId...100
2020-09-16 13:06:22,851 [http-nio-8080-exec-10] INFO  c.n.c.controller.UserController - Inside find all users...
2020-09-16 13:06:28,262 [http-nio-8080-exec-1] INFO  c.n.c.controller.UserController - Inside find all users...
2020-09-16 13:06:30,307 [http-nio-8080-exec-2] INFO  c.n.c.controller.UserController - Inside findByUserId...100
2020-09-16 13:07:09,479 [http-nio-8080-exec-4] INFO  c.n.c.controller.UserController - Inside find all users...
2020-09-16 13:08:29,553 [http-nio-8080-exec-6] INFO  c.n.c.controller.UserController - Inside find all users...
2020-09-16 13:08:41,690 [http-nio-8080-exec-7] INFO  c.n.c.controller.UserController - Inside find all users...
2020-09-16 13:08:43,673 [http-nio-8080-exec-8] INFO  c.n.c.controller.UserController - Inside find all users...
2020-09-16 13:08:49,873 [http-nio-8080-exec-9] INFO  c.n.c.controller.UserController - Inside find all users...
2020-09-16 13:08:54,856 [http-nio-8080-exec-1] INFO  c.n.c.controller.UserController - Inside find all users...
2020-09-16 13:08:58,958 [http-nio-8080-exec-3] INFO  c.n.c.controller.UserController - Inside findByUserId...100
2020-09-16 13:09:24,766 [http-nio-8080-exec-4] INFO  c.n.c.controller.UserController - Inside find all users...
2020-09-16 13:09:27,761 [http-nio-8080-exec-5] INFO  c.n.c.controller.UserController - Inside findByUserId...100
2020-09-16 13:11:22,369 [http-nio-8080-exec-7] INFO  c.n.c.controller.UserController - Inside find all users...
2020-09-16 13:11:24,605 [http-nio-8080-exec-10] INFO  c.n.c.controller.UserController - Inside find all users...
2020-09-16 13:11:29,834 [http-nio-8080-exec-9] INFO  c.n.c.controller.UserController - Inside find all users...
2020-09-16 13:11:32,849 [http-nio-8080-exec-1] INFO  c.n.c.controller.UserController - Inside find all users...
2020-09-16 13:11:49,743 [http-nio-8080-exec-3] INFO  c.n.c.controller.UserController - Inside findByUserId...100
2020-09-16 13:12:38,271 [http-nio-8080-exec-5] INFO  c.n.c.controller.UserController - Inside find all users...
2020-09-16 13:12:40,966 [http-nio-8080-exec-6] INFO  c.n.c.controller.UserController - Inside findByUserId...100
2020-09-16 13:13:36,663 [http-nio-8080-exec-8] INFO  c.n.c.controller.UserController - Inside find all users...
2020-09-16 13:14:05,287 [http-nio-8080-exec-9] INFO  c.n.c.controller.UserController - Inside find all users...
2020-09-16 13:14:15,295 [http-nio-8080-exec-2] INFO  c.n.c.controller.UserController - Inside find all users...
2020-09-16 13:14:18,949 [http-nio-8080-exec-4] INFO  c.n.c.controller.UserController - Inside find all users...
2020-09-16 13:14:24,323 [http-nio-8080-exec-5] INFO  c.n.c.controller.UserController - Inside find all users...
2020-09-16 13:14:30,169 [http-nio-8080-exec-7] INFO  c.n.c.controller.UserController - Inside find all users...
2020-09-16 13:14:42,089 [http-nio-8080-exec-10] INFO  c.n.c.controller.UserController - Inside find all users...
2020-09-16 13:14:44,154 [http-nio-8080-exec-9] INFO  c.n.c.controller.UserController - Inside findByUserId...100
2020-09-16 13:14:55,989 [http-nio-8080-exec-2] INFO  c.n.c.controller.UserController - Inside find all users...
2020-09-16 13:15:02,484 [http-nio-8080-exec-4] INFO  c.n.c.controller.UserController - Inside find all users...
2020-09-16 13:15:11,426 [http-nio-8080-exec-6] INFO  c.n.c.controller.UserController - Inside find all users...
2020-09-16 13:15:12,564 [http-nio-8080-exec-7] INFO  c.n.c.controller.UserController - Inside findByUserId...100
2020-09-16 13:15:50,138 [http-nio-8080-exec-10] INFO  c.n.c.controller.UserController - Inside find all users...
2020-09-16 13:16:07,577 [http-nio-8080-exec-1] INFO  c.n.c.controller.UserController - Inside findByUserId...100
2020-09-16 13:17:08,235 [http-nio-8080-exec-3] INFO  c.n.c.controller.UserController - Inside find all users...
2020-09-16 13:17:51,275 [http-nio-8080-exec-5] INFO  c.n.c.controller.UserController - Inside find all users...
2020-09-16 13:17:59,317 [http-nio-8080-exec-7] INFO  c.n.c.controller.UserController - Inside find all users...
2020-09-16 13:18:04,359 [http-nio-8080-exec-8] INFO  c.n.c.controller.UserController - Inside findByUserId...100
2020-09-16 13:20:29,428 [http-nio-8080-exec-9] INFO  c.n.c.controller.UserController - Inside find all users...
2020-09-16 13:20:36,251 [http-nio-8080-exec-1] INFO  c.n.c.controller.UserController - Inside find all users...
2020-09-16 13:20:44,246 [http-nio-8080-exec-3] INFO  c.n.c.controller.UserController - Inside find all users...
2020-09-16 13:20:50,479 [http-nio-8080-exec-5] INFO  c.n.c.controller.UserController - Inside find all users...
2020-09-16 13:21:30,508 [http-nio-8080-exec-7] INFO  c.n.c.controller.UserController - Inside find all users...
2020-09-16 13:41:43,329 [http-nio-8080-exec-10] INFO  c.n.c.controller.UserController - Inside find all users...
2020-09-16 13:41:44,610 [http-nio-8080-exec-9] INFO  c.n.c.controller.UserController - Inside find all users...
2020-09-16 13:42:10,206 [http-nio-8080-exec-2] INFO  c.n.c.controller.UserController - Inside find all users...
2020-09-16 13:42:33,684 [http-nio-8080-exec-4] INFO  c.n.c.controller.UserController - Inside find all users...
2020-09-16 13:42:47,593 [http-nio-8080-exec-6] INFO  c.n.c.controller.UserController - Inside find all users...
2020-09-16 13:42:50,592 [http-nio-8080-exec-7] INFO  c.n.c.controller.UserController - Inside findByUserId...100
2020-09-16 13:45:10,292 [http-nio-8080-exec-10] INFO  c.n.c.controller.UserController - Inside findByUserId...100
2020-09-16 13:46:52,202 [http-nio-8080-exec-1] INFO  c.n.c.controller.UserController - Inside findByUserId...100
2020-09-16 13:46:55,182 [http-nio-8080-exec-3] INFO  c.n.c.controller.UserController - Inside findByUserId...100
2020-09-16 13:47:22,596 [http-nio-8080-exec-5] INFO  c.n.c.controller.UserController - Inside find all users...
2020-09-16 13:47:34,594 [http-nio-8080-exec-7] INFO  c.n.c.controller.UserController - Inside find all users...
2020-09-16 13:47:46,094 [http-nio-8080-exec-10] INFO  c.n.c.controller.UserController - Inside find all users...
2020-09-16 13:47:49,855 [http-nio-8080-exec-9] INFO  c.n.c.controller.UserController - Inside find all users...
2020-09-16 13:49:42,935 [http-nio-8080-exec-2] INFO  c.n.c.controller.UserController - Inside find all users...
2020-09-16 13:49:46,306 [http-nio-8080-exec-3] INFO  c.n.c.controller.UserController - Inside find all users...
2020-09-16 13:49:48,352 [http-nio-8080-exec-4] INFO  c.n.c.controller.UserController - Inside findByUserId...100
2020-09-16 13:50:29,118 [http-nio-8080-exec-5] INFO  c.n.c.controller.UserController - Inside find all users...
2020-09-16 13:50:30,746 [http-nio-8080-exec-6] INFO  c.n.c.controller.UserController - Inside find all users...
2020-09-16 13:50:33,705 [http-nio-8080-exec-8] INFO  c.n.c.controller.UserController - Inside find all users...
2020-09-16 13:50:37,283 [http-nio-8080-exec-10] INFO  c.n.c.controller.UserController - Inside find all users...
2020-09-16 13:50:45,005 [http-nio-8080-exec-1] INFO  c.n.c.controller.UserController - Inside find all users...
2020-09-16 13:51:33,300 [http-nio-8080-exec-3] INFO  c.n.c.controller.UserController - Inside find all users...
2020-09-16 13:51:42,835 [http-nio-8080-exec-5] INFO  c.n.c.controller.UserController - Inside find all users...
2020-09-16 13:51:44,152 [http-nio-8080-exec-7] INFO  c.n.c.controller.UserController - Inside findByUserId...100
2020-09-16 13:53:50,366 [http-nio-8080-exec-10] INFO  c.n.c.controller.UserController - Inside find all users...
2020-09-16 13:54:01,361 [http-nio-8080-exec-1] INFO  c.n.c.controller.UserController - Inside find all users...
2020-09-16 13:54:09,232 [http-nio-8080-exec-3] INFO  c.n.c.controller.UserController - Inside find all users...
2020-09-16 13:54:21,354 [http-nio-8080-exec-5] INFO  c.n.c.controller.UserController - Inside find all users...
2020-09-16 13:54:42,252 [http-nio-8080-exec-7] INFO  c.n.c.controller.UserController - Inside find all users...
2020-09-16 13:55:10,210 [http-nio-8080-exec-10] INFO  c.n.c.controller.UserController - Inside find all users...
2020-09-16 13:56:09,818 [http-nio-8080-exec-1] INFO  c.n.c.controller.UserController - Inside find all users...
2020-09-16 13:56:35,720 [http-nio-8080-exec-3] INFO  c.n.c.controller.UserController - Inside find all users...
2020-09-16 13:57:15,895 [http-nio-8080-exec-5] INFO  c.n.c.controller.UserController - Inside find all users...
2020-09-16 13:57:21,921 [http-nio-8080-exec-7] INFO  c.n.c.controller.UserController - Inside findByUserId...100
2020-09-16 13:58:11,737 [http-nio-8080-exec-10] INFO  c.n.c.controller.UserController - Inside find all users...
2020-09-16 13:59:33,538 [http-nio-8080-exec-1] INFO  c.n.c.controller.UserController - Inside find all users...
2020-09-16 13:59:37,954 [http-nio-8080-exec-2] INFO  c.n.c.controller.UserController - Inside find all users...
2020-09-16 13:59:48,095 [http-nio-8080-exec-4] INFO  c.n.c.controller.UserController - Inside findByUserId...100
2020-09-16 14:01:57,000 [http-nio-8080-exec-6] INFO  c.n.c.controller.UserController - Inside find all users...
2020-09-16 14:02:50,031 [http-nio-8080-exec-8] INFO  c.n.c.controller.UserController - Inside find all users...
2020-09-16 14:02:50,948 [http-nio-8080-exec-10] INFO  c.n.c.controller.UserController - Inside findByUserId...100
2020-09-16 14:03:09,439 [http-nio-8080-exec-1] INFO  c.n.c.controller.UserController - Inside find all users...
2020-09-16 14:03:10,850 [http-nio-8080-exec-2] INFO  c.n.c.controller.UserController - Inside findByUserId...100
2020-09-16 14:03:16,945 [http-nio-8080-exec-3] INFO  c.n.c.controller.UserController - Inside find all users...
2020-09-16 14:04:07,299 [http-nio-8080-exec-5] INFO  c.n.c.controller.UserController - Inside find all users...
2020-09-16 14:04:19,132 [http-nio-8080-exec-6] INFO  c.n.c.controller.UserController - Inside find all users...
2020-09-16 14:04:45,692 [http-nio-8080-exec-7] INFO  c.n.c.controller.UserController - Inside find all users...
2020-09-16 14:05:10,570 [http-nio-8080-exec-8] INFO  c.n.c.controller.UserController - Inside find all users...
2020-09-16 14:05:14,588 [http-nio-8080-exec-10] INFO  c.n.c.controller.UserController - Inside find all users...
2020-09-16 14:05:17,385 [http-nio-8080-exec-9] INFO  c.n.c.controller.UserController - Inside findByUserId...100
2020-09-16 14:05:28,207 [http-nio-8080-exec-1] INFO  c.n.c.controller.UserController - Inside find all users...
2020-09-16 14:05:36,404 [http-nio-8080-exec-2] INFO  c.n.c.controller.UserController - Inside find all users...
2020-09-16 14:05:48,167 [http-nio-8080-exec-3] INFO  c.n.c.controller.UserController - Inside find all users...
2020-09-16 14:05:57,157 [http-nio-8080-exec-4] INFO  c.n.c.controller.UserController - Inside find all users...
2020-09-16 14:06:14,383 [http-nio-8080-exec-6] INFO  c.n.c.controller.UserController - Inside find all users...
2020-09-16 14:06:19,114 [http-nio-8080-exec-7] INFO  c.n.c.controller.UserController - Inside find all users...
2020-09-16 14:45:30,566 [http-nio-8080-exec-10] INFO  c.n.c.controller.UserController - Inside find all users...
2020-09-16 14:51:39,695 [http-nio-8080-exec-1] INFO  c.n.c.controller.UserController - Inside findByUserId...100
2020-09-16 14:51:54,514 [http-nio-8080-exec-3] INFO  c.n.c.controller.UserController - Inside find all users...
2020-09-16 14:52:07,856 [http-nio-8080-exec-5] INFO  c.n.c.controller.UserController - Inside find all users...
2020-09-16 14:52:18,108 [http-nio-8080-exec-7] INFO  c.n.c.controller.UserController - Inside find all users...
2020-09-16 14:52:26,267 [http-nio-8080-exec-10] INFO  c.n.c.controller.UserController - Inside find all users...
2020-09-16 14:53:13,147 [http-nio-8080-exec-1] INFO  c.n.c.controller.UserController - Inside find all users...
2020-09-16 14:53:20,143 [http-nio-8080-exec-3] INFO  c.n.c.controller.UserController - Inside find all users...
2020-09-16 14:53:22,597 [http-nio-8080-exec-4] INFO  c.n.c.controller.UserController - Inside find all users...
2020-09-16 14:53:54,990 [http-nio-8080-exec-6] INFO  c.n.c.controller.UserController - Inside find all users...
2020-09-16 14:54:03,941 [http-nio-8080-exec-7] INFO  c.n.c.controller.UserController - Inside find all users...
2020-09-16 14:54:05,937 [http-nio-8080-exec-8] INFO  c.n.c.controller.UserController - Inside findByUserId...100
2020-09-16 14:55:06,407 [http-nio-8080-exec-9] INFO  c.n.c.controller.UserController - Inside find all users...
2020-09-16 14:55:12,284 [http-nio-8080-exec-1] INFO  c.n.c.controller.UserController - Inside findByUserId...100
2020-09-16 14:55:59,532 [http-nio-8080-exec-2] INFO  c.n.c.controller.UserController - Inside find all users...
2020-09-16 14:56:09,350 [http-nio-8080-exec-4] INFO  c.n.c.controller.UserController - Inside find all users...
2020-09-16 14:56:13,594 [http-nio-8080-exec-5] INFO  c.n.c.controller.UserController - Inside findByUserId...100
2020-09-16 14:56:25,028 [http-nio-8080-exec-7] INFO  c.n.c.controller.UserController - Inside find all users...
2020-09-16 14:56:43,297 [http-nio-8080-exec-10] INFO  c.n.c.controller.UserController - Inside find all users...
2020-09-16 14:59:10,691 [http-nio-8080-exec-1] INFO  c.n.c.controller.UserController - Inside findByUserId...100
2020-09-16 14:59:39,321 [http-nio-8080-exec-3] INFO  c.n.c.controller.UserController - Inside find all users...
2020-09-16 14:59:50,514 [http-nio-8080-exec-5] INFO  c.n.c.controller.UserController - Inside find all users...
2020-09-16 14:59:56,101 [http-nio-8080-exec-7] INFO  c.n.c.controller.UserController - Inside find all users...
2020-09-16 15:00:36,365 [http-nio-8080-exec-10] INFO  c.n.c.controller.UserController - Inside find all users...
2020-09-16 15:00:41,659 [http-nio-8080-exec-9] INFO  c.n.c.controller.UserController - Inside find all users...
2020-09-16 15:00:44,938 [http-nio-8080-exec-2] INFO  c.n.c.controller.UserController - Inside findByUserId...100
2020-09-16 15:01:21,997 [http-nio-8080-exec-4] INFO  c.n.c.controller.UserController - Inside find all users...
2020-09-16 15:01:37,059 [http-nio-8080-exec-6] INFO  c.n.c.controller.UserController - Inside find all users...
2020-09-16 15:01:39,873 [http-nio-8080-exec-7] INFO  c.n.c.controller.UserController - Inside find all users...
2020-09-16 15:01:41,141 [http-nio-8080-exec-8] INFO  c.n.c.controller.UserController - Inside findByUserId...100
2020-09-16 15:03:11,377 [http-nio-8080-exec-9] INFO  c.n.c.controller.UserController - Inside find all users...
2020-09-16 15:03:14,269 [http-nio-8080-exec-1] INFO  c.n.c.controller.UserController - Inside find all users...
2020-09-16 15:03:20,106 [http-nio-8080-exec-3] INFO  c.n.c.controller.UserController - Inside find all users...
2020-09-16 15:03:25,527 [http-nio-8080-exec-5] INFO  c.n.c.controller.UserController - Inside find all users...
2020-09-16 15:03:29,480 [http-nio-8080-exec-6] INFO  c.n.c.controller.UserController - Inside find all users...
2020-09-16 15:05:00,469 [http-nio-8080-exec-8] INFO  c.n.c.controller.UserController - Inside find all users...
2020-09-16 15:05:13,384 [http-nio-8080-exec-9] INFO  c.n.c.controller.UserController - Inside find all users...
2020-09-16 15:05:16,209 [http-nio-8080-exec-1] INFO  c.n.c.controller.UserController - Inside find all users...
2020-09-16 15:05:19,103 [http-nio-8080-exec-2] INFO  c.n.c.controller.UserController - Inside find all users...
2020-09-16 15:06:00,365 [http-nio-8080-exec-4] INFO  c.n.c.controller.UserController - Inside find all users...
2020-09-16 15:06:06,398 [http-nio-8080-exec-5] INFO  c.n.c.controller.UserController - Inside find all users...
2020-09-16 15:06:12,989 [http-nio-8080-exec-7] INFO  c.n.c.controller.UserController - Inside find all users...
2020-09-16 15:06:14,796 [http-nio-8080-exec-8] INFO  c.n.c.controller.UserController - Inside find all users...
2020-09-16 15:06:17,176 [http-nio-8080-exec-10] INFO  c.n.c.controller.UserController - Inside find all users...
2020-09-16 15:06:21,214 [http-nio-8080-exec-1] INFO  c.n.c.controller.UserController - Inside find all users...
2020-09-16 15:06:25,785 [http-nio-8080-exec-2] INFO  c.n.c.controller.UserController - Inside find all users...
2020-09-16 15:06:40,803 [http-nio-8080-exec-4] INFO  c.n.c.controller.UserController - Inside find all users...
2020-09-16 15:09:19,544 [http-nio-8080-exec-6] INFO  c.n.c.controller.UserController - Inside find all users...
2020-09-16 15:11:27,290 [http-nio-8080-exec-8] INFO  c.n.c.controller.UserController - Inside find all users...
2020-09-16 15:11:33,428 [http-nio-8080-exec-10] INFO  c.n.c.controller.UserController - Inside find all users...
2020-09-16 15:11:36,991 [http-nio-8080-exec-1] INFO  c.n.c.controller.UserController - Inside find all users...
2020-09-16 15:11:46,964 [http-nio-8080-exec-3] INFO  c.n.c.controller.UserController - Inside find all users...
2020-09-16 15:17:24,013 [http-nio-8080-exec-5] INFO  c.n.c.controller.UserController - Inside find all users...
2020-09-16 15:17:45,421 [http-nio-8080-exec-6] INFO  c.n.c.controller.UserController - Inside find all users...
2020-09-16 15:37:49,371 [http-nio-8080-exec-8] INFO  c.n.c.controller.UserController - Inside find all users...
2020-09-16 15:42:25,735 [http-nio-8080-exec-9] INFO  c.n.c.controller.UserController - Inside find all users...
2020-09-16 15:42:33,123 [http-nio-8080-exec-1] INFO  c.n.c.controller.UserController - Inside find all users...
2020-09-16 15:42:38,380 [http-nio-8080-exec-3] INFO  c.n.c.controller.UserController - Inside find all users...
2020-09-16 15:42:44,239 [http-nio-8080-exec-4] INFO  c.n.c.controller.UserController - Inside find all users...
2020-09-16 15:43:39,372 [http-nio-8080-exec-6] INFO  c.n.c.controller.UserController - Inside find all users...
2020-09-16 15:43:44,107 [http-nio-8080-exec-7] INFO  c.n.c.controller.UserController - Inside find all users...
2020-09-16 15:43:54,444 [http-nio-8080-exec-8] INFO  c.n.c.controller.UserController - Inside find all users...
2020-09-16 15:44:00,102 [http-nio-8080-exec-10] INFO  c.n.c.controller.UserController - Inside find all users...
2020-09-16 15:44:09,382 [http-nio-8080-exec-9] INFO  c.n.c.controller.UserController - Inside find all users...
2020-09-16 15:44:19,613 [http-nio-8080-exec-2] INFO  c.n.c.controller.UserController - Inside find all users...
2020-09-16 15:54:37,396 [http-nio-8080-exec-4] INFO  c.n.c.controller.UserController - Inside find all users...
2020-09-16 15:54:39,876 [http-nio-8080-exec-5] INFO  c.n.c.controller.UserController - Inside findByUserId...100
2020-09-16 15:55:25,105 [http-nio-8080-exec-6] INFO  c.n.c.controller.UserController - Inside find all users...
2020-09-16 15:55:27,935 [http-nio-8080-exec-7] INFO  c.n.c.controller.UserController - Inside findByUserId...100
2020-09-16 15:57:15,421 [http-nio-8080-exec-10] INFO  c.n.c.controller.UserController - Inside find all users...
2020-09-16 15:57:26,397 [http-nio-8080-exec-1] INFO  c.n.c.controller.UserController - Inside find all users...
2020-09-16 15:57:29,870 [http-nio-8080-exec-2] INFO  c.n.c.controller.UserController - Inside findByUserId...100
2020-09-16 15:57:55,510 [http-nio-8080-exec-4] INFO  c.n.c.controller.UserController - Inside find all users...
2020-09-16 15:58:05,279 [http-nio-8080-exec-6] INFO  c.n.c.controller.UserController - Inside find all users...
2020-09-16 15:58:16,126 [http-nio-8080-exec-8] INFO  c.n.c.controller.UserController - Inside find all users...
2020-09-16 15:59:11,527 [http-nio-8080-exec-9] INFO  c.n.c.controller.UserController - Inside find all users...
2020-09-16 16:06:26,400 [http-nio-8080-exec-2] INFO  c.n.c.controller.UserController - Inside find all users...
2020-09-16 16:06:30,195 [http-nio-8080-exec-3] INFO  c.n.c.controller.UserController - Inside find all users...
2020-09-16 16:06:42,333 [http-nio-8080-exec-4] INFO  c.n.c.controller.UserController - Inside find all users...
2020-09-16 16:07:17,401 [http-nio-8080-exec-6] INFO  c.n.c.controller.UserController - Inside find all users...
2020-09-16 16:10:01,352 [http-nio-8080-exec-8] INFO  c.n.c.controller.UserController - Inside find all users...
2020-09-16 16:14:10,335 [http-nio-8080-exec-9] INFO  c.n.c.controller.UserController - Inside find all users...
2020-09-16 16:14:16,355 [http-nio-8080-exec-1] INFO  c.n.c.controller.UserController - Inside find all users...
2020-09-16 16:14:25,425 [http-nio-8080-exec-2] INFO  c.n.c.controller.UserController - Inside find all users...
2020-09-16 16:14:36,210 [http-nio-8080-exec-3] INFO  c.n.c.controller.UserController - Inside find all users...
2020-09-16 16:14:40,165 [http-nio-8080-exec-4] INFO  c.n.c.controller.UserController - Inside find all users...
2020-09-16 16:14:44,156 [http-nio-8080-exec-5] INFO  c.n.c.controller.UserController - Inside find all users...
2020-09-16 16:14:47,062 [http-nio-8080-exec-6] INFO  c.n.c.controller.UserController - Inside find all users...
2020-09-16 16:17:25,773 [http-nio-8080-exec-8] INFO  c.n.c.controller.UserController - Inside find all users...
2020-09-16 16:17:33,915 [http-nio-8080-exec-10] INFO  c.n.c.controller.UserController - Inside find all users...
2020-09-16 16:17:45,408 [http-nio-8080-exec-1] INFO  c.n.c.controller.UserController - Inside find all users...
2020-09-16 16:17:50,532 [http-nio-8080-exec-2] INFO  c.n.c.controller.UserController - Inside find all users...
2020-09-16 16:18:01,663 [http-nio-8080-exec-4] INFO  c.n.c.controller.UserController - Inside find all users...
2020-09-16 16:18:08,691 [http-nio-8080-exec-6] INFO  c.n.c.controller.UserController - Inside find all users...
2020-09-16 16:18:13,023 [http-nio-8080-exec-7] INFO  c.n.c.controller.UserController - Inside find all users...
2020-09-16 16:18:14,133 [http-nio-8080-exec-8] INFO  c.n.c.controller.UserController - Inside findByUserId...100
2020-09-16 16:18:40,801 [http-nio-8080-exec-9] INFO  c.n.c.controller.UserController - Inside find all users...
2020-09-16 16:18:41,876 [http-nio-8080-exec-1] INFO  c.n.c.controller.UserController - Inside findByUserId...100
2020-09-16 16:19:03,227 [http-nio-8080-exec-2] INFO  c.n.c.controller.UserController - Inside find all users...
2020-09-16 16:19:05,127 [http-nio-8080-exec-3] INFO  c.n.c.controller.UserController - Inside findByUserId...100
2020-09-16 16:19:18,075 [http-nio-8080-exec-4] INFO  c.n.c.controller.UserController - Inside find all users...
2020-09-16 16:19:23,342 [http-nio-8080-exec-5] INFO  c.n.c.controller.UserController - Inside find all users...
2020-09-16 16:19:30,084 [http-nio-8080-exec-7] INFO  c.n.c.controller.UserController - Inside find all users...
2020-09-16 16:19:33,407 [http-nio-8080-exec-8] INFO  c.n.c.controller.UserController - Inside findByUserId...100
2020-09-16 16:23:36,457 [http-nio-8080-exec-9] INFO  c.n.c.controller.UserController - Inside find all users...
2020-09-16 16:23:43,456 [http-nio-8080-exec-2] INFO  c.n.c.controller.UserController - Inside find all users...
2020-09-16 16:24:34,391 [http-nio-8080-exec-4] INFO  c.n.c.controller.UserController - Inside find all users...
2020-09-16 16:24:40,342 [http-nio-8080-exec-6] INFO  c.n.c.controller.UserController - Inside find all users...
2020-09-16 16:24:53,361 [http-nio-8080-exec-8] INFO  c.n.c.controller.UserController - Inside find all users...
2020-09-16 16:25:55,336 [http-nio-8080-exec-9] INFO  c.n.c.controller.UserController - Inside find all users...
2020-09-16 16:27:03,395 [http-nio-8080-exec-2] INFO  c.n.c.controller.UserController - Inside find all users...
2020-09-16 16:27:14,310 [http-nio-8080-exec-4] INFO  c.n.c.controller.UserController - Inside find all users...
2020-09-16 16:28:19,454 [http-nio-8080-exec-6] INFO  c.n.c.controller.UserController - Inside find all users...
2020-09-16 16:30:06,075 [http-nio-8080-exec-8] INFO  c.n.c.controller.UserController - Inside find all users...
2020-09-16 16:30:44,271 [http-nio-8080-exec-9] INFO  c.n.c.controller.UserController - Inside find all users...
2020-09-16 16:31:00,877 [http-nio-8080-exec-2] INFO  c.n.c.controller.UserController - Inside find all users...
2020-09-16 16:31:10,927 [http-nio-8080-exec-4] INFO  c.n.c.controller.UserController - Inside find all users...
2020-09-16 16:31:20,314 [http-nio-8080-exec-6] INFO  c.n.c.controller.UserController - Inside find all users...
2020-09-16 16:31:39,783 [http-nio-8080-exec-8] INFO  c.n.c.controller.UserController - Inside find all users...
2020-09-16 16:31:45,837 [http-nio-8080-exec-9] INFO  c.n.c.controller.UserController - Inside find all users...
2020-09-16 16:31:46,715 [http-nio-8080-exec-1] INFO  c.n.c.controller.UserController - Inside findByUserId...100
2020-09-16 16:40:43,525 [http-nio-8080-exec-3] INFO  c.n.c.controller.UserController - Inside find all users...
2020-09-16 16:40:56,102 [http-nio-8080-exec-4] INFO  c.n.c.controller.UserController - Inside find all users...
2020-09-16 16:41:02,745 [http-nio-8080-exec-5] INFO  c.n.c.controller.UserController - Inside findByUserId...100
2020-09-16 16:54:44,494 [http-nio-8080-exec-7] INFO  c.n.c.controller.UserController - Inside find all users...
2020-09-16 16:54:51,696 [http-nio-8080-exec-10] INFO  c.n.c.controller.UserController - Inside find all users...
2020-09-16 16:55:09,392 [http-nio-8080-exec-1] INFO  c.n.c.controller.UserController - Inside find all users...
2020-09-16 16:55:49,339 [http-nio-8080-exec-3] INFO  c.n.c.controller.UserController - Inside find all users...
2020-09-16 16:56:37,326 [http-nio-8080-exec-5] INFO  c.n.c.controller.UserController - Inside find all users...
2020-09-16 16:57:15,372 [http-nio-8080-exec-7] INFO  c.n.c.controller.UserController - Inside find all users...
2020-09-16 16:57:18,332 [http-nio-8080-exec-10] INFO  c.n.c.controller.UserController - Inside find all users...
2020-09-16 16:57:39,263 [http-nio-8080-exec-1] INFO  c.n.c.controller.UserController - Inside find all users...
2020-09-16 17:00:18,075 [http-nio-8080-exec-3] INFO  c.n.c.controller.UserController - Inside find all users...
2020-09-16 17:07:29,381 [http-nio-8080-exec-5] INFO  c.n.c.controller.UserController - Inside find all users...
2020-09-16 17:08:04,357 [http-nio-8080-exec-7] INFO  c.n.c.controller.UserController - Inside find all users...
2020-09-16 17:11:41,033 [http-nio-8080-exec-10] INFO  c.n.c.controller.UserController - Inside find all users...
2020-09-16 17:11:58,019 [http-nio-8080-exec-9] INFO  c.n.c.controller.UserController - Inside find all users...
2020-09-16 17:12:13,399 [http-nio-8080-exec-1] INFO  c.n.c.controller.UserController - Inside find all users...
2020-09-16 17:12:20,043 [http-nio-8080-exec-2] INFO  c.n.c.controller.UserController - Inside find all users...
2020-09-16 17:12:44,205 [http-nio-8080-exec-4] INFO  c.n.c.controller.UserController - Inside find all users...
2020-09-16 17:12:50,116 [http-nio-8080-exec-5] INFO  c.n.c.controller.UserController - Inside find all users...
2020-09-16 17:13:27,631 [http-nio-8080-exec-7] INFO  c.n.c.controller.UserController - Inside find all users...
2020-09-16 17:13:29,244 [http-nio-8080-exec-8] INFO  c.n.c.controller.UserController - Inside findByUserId...100
2020-09-16 17:13:41,852 [http-nio-8080-exec-9] INFO  c.n.c.controller.UserController - Inside find all users...
2020-09-16 17:14:28,728 [http-nio-8080-exec-1] INFO  c.n.c.controller.UserController - Inside find all users...
2020-09-16 17:14:37,544 [http-nio-8080-exec-2] INFO  c.n.c.controller.UserController - Inside find all users...
2020-09-16 17:14:38,791 [http-nio-8080-exec-3] INFO  c.n.c.controller.UserController - Inside findByUserId...100
2020-09-16 17:15:11,311 [http-nio-8080-exec-4] INFO  c.n.c.controller.UserController - Inside find all users...
2020-09-16 17:15:13,757 [http-nio-8080-exec-5] INFO  c.n.c.controller.UserController - Inside findByUserId...100
2020-09-16 17:16:36,110 [http-nio-8080-exec-7] INFO  c.n.c.controller.UserController - Inside find all users...
2020-09-16 17:16:37,146 [http-nio-8080-exec-8] INFO  c.n.c.controller.UserController - Inside findByUserId...100
2020-09-16 17:16:43,348 [http-nio-8080-exec-10] INFO  c.n.c.controller.UserController - Inside find all users...
2020-09-16 17:16:44,067 [http-nio-8080-exec-9] INFO  c.n.c.controller.UserController - Inside findByUserId...100
2020-09-16 17:16:50,431 [http-nio-8080-exec-1] INFO  c.n.c.controller.UserController - Inside find all users...
2020-09-16 17:16:53,573 [http-nio-8080-exec-2] INFO  c.n.c.controller.UserController - Inside find all users...
2020-09-16 17:16:54,386 [http-nio-8080-exec-3] INFO  c.n.c.controller.UserController - Inside findByUserId...100
2020-09-16 17:17:23,619 [http-nio-8080-exec-4] INFO  c.n.c.controller.UserController - Inside find all users...
2020-09-16 17:17:32,488 [http-nio-8080-exec-5] INFO  c.n.c.controller.UserController - Inside find all users...
2020-09-16 17:17:33,590 [http-nio-8080-exec-6] INFO  c.n.c.controller.UserController - Inside findByUserId...100
2020-09-16 17:19:48,048 [http-nio-8080-exec-8] INFO  c.n.c.controller.UserController - Inside find all users...
2020-09-16 17:19:49,582 [http-nio-8080-exec-10] INFO  c.n.c.controller.UserController - Inside findByUserId...100
2020-09-16 17:25:38,184 [http-nio-8080-exec-1] INFO  c.n.c.controller.UserController - Inside find all users...
2020-09-16 17:25:39,992 [http-nio-8080-exec-2] INFO  c.n.c.controller.UserController - Inside findByUserId...100
2020-09-16 17:26:11,184 [http-nio-8080-exec-4] INFO  c.n.c.controller.UserController - Inside find all users...
2020-09-16 17:26:14,234 [http-nio-8080-exec-5] INFO  c.n.c.controller.UserController - Inside findByUserId...100
2020-09-16 17:26:58,875 [http-nio-8080-exec-7] INFO  c.n.c.controller.UserController - Inside find all users...
2020-09-16 17:28:37,743 [http-nio-8080-exec-10] INFO  c.n.c.controller.UserController - Inside find all users...
2020-09-16 17:28:56,716 [http-nio-8080-exec-1] INFO  c.n.c.controller.UserController - Inside find all users...
2020-09-16 17:28:58,536 [http-nio-8080-exec-2] INFO  c.n.c.controller.UserController - Inside findByUserId...100
2020-09-16 17:29:47,331 [http-nio-8080-exec-3] INFO  c.n.c.controller.UserController - Inside find all users...
2020-09-16 17:29:48,864 [http-nio-8080-exec-4] INFO  c.n.c.controller.UserController - Inside findByUserId...100
2020-09-16 17:29:48,870 [http-nio-8080-exec-5] INFO  c.n.c.controller.UserController - Inside findByUserId...100
2020-09-16 17:30:12,146 [http-nio-8080-exec-7] INFO  c.n.c.controller.UserController - Inside find all users...
2020-09-16 17:30:13,043 [http-nio-8080-exec-8] INFO  c.n.c.controller.UserController - Inside findByUserId...100
2020-09-16 17:30:13,053 [http-nio-8080-exec-10] INFO  c.n.c.controller.UserController - Inside findByUserId...100
2020-09-16 17:30:27,026 [http-nio-8080-exec-1] INFO  c.n.c.controller.UserController - Inside find all users...
2020-09-16 17:30:33,206 [http-nio-8080-exec-2] INFO  c.n.c.controller.UserController - Inside find all users...
2020-09-16 17:30:37,913 [http-nio-8080-exec-4] INFO  c.n.c.controller.UserController - Inside find all users...
2020-09-16 17:30:40,776 [http-nio-8080-exec-5] INFO  c.n.c.controller.UserController - Inside findByUserId...100
2020-09-16 17:30:40,784 [http-nio-8080-exec-6] INFO  c.n.c.controller.UserController - Inside findByUserId...100
2020-09-16 17:31:06,849 [http-nio-8080-exec-7] INFO  c.n.c.controller.UserController - Inside find all users...
2020-09-16 17:31:12,408 [http-nio-8080-exec-8] INFO  c.n.c.controller.UserController - Inside find all users...
2020-09-16 17:31:14,304 [http-nio-8080-exec-10] INFO  c.n.c.controller.UserController - Inside findByUserId...100
2020-09-16 17:31:14,309 [http-nio-8080-exec-9] INFO  c.n.c.controller.UserController - Inside findByUserId...100
2020-09-16 17:31:32,323 [http-nio-8080-exec-1] INFO  c.n.c.controller.UserController - Inside find all users...
2020-09-16 17:31:45,793 [http-nio-8080-exec-2] INFO  c.n.c.controller.UserController - Inside find all users...
2020-09-16 17:31:57,440 [http-nio-8080-exec-3] INFO  c.n.c.controller.UserController - Inside find all users...
2020-09-16 17:32:01,940 [http-nio-8080-exec-4] INFO  c.n.c.controller.UserController - Inside find all users...
2020-09-16 17:32:14,301 [http-nio-8080-exec-5] INFO  c.n.c.controller.UserController - Inside findByUserId...100
2020-09-16 17:32:14,308 [http-nio-8080-exec-6] INFO  c.n.c.controller.UserController - Inside findByUserId...100
2020-09-16 17:33:04,423 [http-nio-8080-exec-7] INFO  c.n.c.controller.UserController - Inside find all users...
2020-09-16 17:33:18,800 [http-nio-8080-exec-8] INFO  c.n.c.controller.UserController - Inside find all users...
2020-09-16 17:33:21,488 [http-nio-8080-exec-10] INFO  c.n.c.controller.UserController - Inside find all users...
2020-09-16 17:33:26,502 [http-nio-8080-exec-9] INFO  c.n.c.controller.UserController - Inside findByUserId...100
2020-09-16 17:33:26,508 [http-nio-8080-exec-1] INFO  c.n.c.controller.UserController - Inside findByUserId...100
2020-09-16 17:36:25,425 [http-nio-8080-exec-3] INFO  c.n.c.controller.UserController - Inside find all users...
2020-09-16 17:36:27,733 [http-nio-8080-exec-4] INFO  c.n.c.controller.UserController - Inside findByUserId...100
2020-09-16 17:36:27,742 [http-nio-8080-exec-5] INFO  c.n.c.controller.UserController - Inside findByUserId...100
2020-09-16 17:37:37,804 [http-nio-8080-exec-7] INFO  c.n.c.controller.UserController - Inside findByUserId...100
2020-09-16 17:37:37,812 [http-nio-8080-exec-8] INFO  c.n.c.controller.UserController - Inside findByUserId...100
2020-09-16 17:38:22,769 [http-nio-8080-exec-9] INFO  c.n.c.controller.UserController - Inside find all users...
2020-09-16 17:38:27,065 [http-nio-8080-exec-1] INFO  c.n.c.controller.UserController - Inside findByUserId...100
2020-09-16 17:38:27,072 [http-nio-8080-exec-2] INFO  c.n.c.controller.UserController - Inside findByUserId...100
2020-09-16 17:39:35,976 [http-nio-8080-exec-4] INFO  c.n.c.controller.UserController - Inside find all users...
2020-09-16 17:39:38,869 [http-nio-8080-exec-5] INFO  c.n.c.controller.UserController - Inside findByUserId...100
2020-09-16 17:39:38,875 [http-nio-8080-exec-6] INFO  c.n.c.controller.UserController - Inside findByUserId...100
2020-09-16 17:40:16,174 [http-nio-8080-exec-7] INFO  c.n.c.controller.UserController - Inside find all users...
2020-09-16 17:40:18,971 [http-nio-8080-exec-8] INFO  c.n.c.controller.UserController - Inside findByUserId...100
2020-09-16 17:40:18,977 [http-nio-8080-exec-10] INFO  c.n.c.controller.UserController - Inside findByUserId...100
2020-09-16 17:40:46,423 [http-nio-8080-exec-9] INFO  c.n.c.controller.UserController - Inside find all users...
2020-09-16 17:40:48,112 [http-nio-8080-exec-1] INFO  c.n.c.controller.UserController - Inside findByUserId...100
2020-09-16 17:40:48,119 [http-nio-8080-exec-2] INFO  c.n.c.controller.UserController - Inside findByUserId...100
2020-09-16 17:41:03,240 [http-nio-8080-exec-3] INFO  c.n.c.controller.UserController - Inside find all users...
2020-09-16 17:41:48,768 [http-nio-8080-exec-4] INFO  c.n.c.controller.UserController - Inside find all users...
2020-09-16 17:41:54,871 [http-nio-8080-exec-5] INFO  c.n.c.controller.UserController - Inside find all users...
2020-09-16 17:42:02,352 [http-nio-8080-exec-6] INFO  c.n.c.controller.UserController - Inside find all users...
2020-09-16 17:42:17,021 [http-nio-8080-exec-7] INFO  c.n.c.controller.UserController - Inside find all users...
2020-09-16 17:42:19,650 [http-nio-8080-exec-8] INFO  c.n.c.controller.UserController - Inside findByUserId...100
2020-09-16 17:42:19,655 [http-nio-8080-exec-10] INFO  c.n.c.controller.UserController - Inside findByUserId...100
2020-09-16 17:43:03,404 [http-nio-8080-exec-9] INFO  c.n.c.controller.UserController - Inside find all users...
2020-09-16 17:43:19,643 [http-nio-8080-exec-1] INFO  c.n.c.controller.UserController - Inside find all users...
2020-09-16 17:43:24,319 [http-nio-8080-exec-3] INFO  c.n.c.controller.UserController - Inside find all users...
2020-09-16 18:05:03,539 [http-nio-8080-exec-5] INFO  c.n.c.controller.UserController - Inside find all users...
2020-09-16 18:05:16,479 [http-nio-8080-exec-7] INFO  c.n.c.controller.UserController - Inside findByUserId...100
2020-09-16 18:05:16,503 [http-nio-8080-exec-8] INFO  c.n.c.controller.UserController - Inside findByUserId...100
2020-09-16 18:05:47,410 [http-nio-8080-exec-9] INFO  c.n.c.controller.UserController - Inside find all users...
2020-09-16 18:05:52,553 [http-nio-8080-exec-2] INFO  c.n.c.controller.UserController - Inside findByUserId...100
2020-09-16 18:05:52,574 [http-nio-8080-exec-3] INFO  c.n.c.controller.UserController - Inside findByUserId...100
2020-09-16 18:06:16,390 [http-nio-8080-exec-10] WARN  o.s.w.s.m.s.DefaultHandlerExceptionResolver - Resolved [org.springframework.web.HttpRequestMethodNotSupportedException: Request method 'GET' not supported]
2020-09-16 18:22:49,580 [http-nio-8080-exec-2] INFO  c.n.c.controller.UserController - Inside find all users...
2020-09-16 18:22:58,652 [http-nio-8080-exec-4] INFO  c.n.c.controller.UserController - Inside find all users...
2020-09-16 18:23:05,255 [http-nio-8080-exec-5] INFO  c.n.c.controller.UserController - Inside findByUserId...100
2020-09-16 18:23:05,264 [http-nio-8080-exec-6] INFO  c.n.c.controller.UserController - Inside findByUserId...100
2020-09-16 18:23:52,374 [http-nio-8080-exec-10] WARN  o.s.w.s.m.s.DefaultHandlerExceptionResolver - Resolved [org.springframework.web.HttpRequestMethodNotSupportedException: Request method 'GET' not supported]
2020-09-16 18:24:22,829 [http-nio-8080-exec-2] INFO  c.n.c.controller.UserController - Inside find all users...
2020-09-16 18:25:29,172 [http-nio-8080-exec-4] INFO  c.n.c.controller.UserController - Inside find all users...
2020-09-16 18:25:41,950 [http-nio-8080-exec-6] INFO  c.n.c.controller.UserController - Inside find all users...
2020-09-16 18:25:45,455 [http-nio-8080-exec-7] INFO  c.n.c.controller.UserController - Inside find all users...
2020-09-16 18:25:52,008 [http-nio-8080-exec-10] INFO  c.n.c.controller.UserController - Inside find all users...
2020-09-16 18:25:55,016 [http-nio-8080-exec-9] INFO  c.n.c.controller.UserController - Inside findByUserId...100
2020-09-16 18:25:55,024 [http-nio-8080-exec-1] INFO  c.n.c.controller.UserController - Inside findByUserId...100
